MPIIO WARNING: DVS stripe width of 24 was requested but DVS set it to 1
See MPICH_MPIIO_DVS_MAXNODES in the intro_mpi man page.
DM Object: Parallel Mesh 8 MPI processes
  type: plex
Parallel Mesh in 2 dimensions:
  Number of 0-cells per rank: 22563842 22792415 22247386 24110907 23646488 23114418 22849074 23458561
  Number of 1-cells per rank: 45114813 45572798 44482969 48207757 47278895 46215492 45686692 46904416
  Number of 2-cells per rank: 22550972 22780384 22235584 24096851 23632408 23101075 22837619 23445856
Labels:
  depth: 3 strata with value/size (0 (22563842), 1 (45114813), 2 (22550972))
  celltype: 3 strata with value/size (0 (22563842), 1 (45114813), 4 (22550972))
  boundary_edges: 1 strata with value/size (1 (25738))
Field Field_0:
  adjacency FVM++
0 TS dt 3.90625e-05 time 0.
1 TS dt 3.90625e-05 time 3.90625e-05
2 TS dt 3.90625e-05 time 7.8125e-05
3 TS dt 3.90625e-05 time 0.000117187
4 TS dt 3.90625e-05 time 0.00015625
5 TS dt 3.90625e-05 time 0.000195313
6 TS dt 3.90625e-05 time 0.000234375
7 TS dt 3.90625e-05 time 0.000273438
8 TS dt 3.90625e-05 time 0.0003125
9 TS dt 3.90625e-05 time 0.000351562
10 TS dt 3.90625e-05 time 0.000390625
11 TS dt 3.90625e-05 time 0.000429687
12 TS dt 3.90625e-05 time 0.00046875
13 TS dt 3.90625e-05 time 0.000507812
14 TS dt 3.90625e-05 time 0.000546875
15 TS dt 3.90625e-05 time 0.000585937
16 TS dt 3.90625e-05 time 0.000625
17 TS dt 3.90625e-05 time 0.000664063
18 TS dt 3.90625e-05 time 0.000703125
19 TS dt 3.90625e-05 time 0.000742188
20 TS dt 3.90625e-05 time 0.00078125
21 TS dt 3.90625e-05 time 0.000820313
22 TS dt 3.90625e-05 time 0.000859375
23 TS dt 3.90625e-05 time 0.000898438
24 TS dt 3.90625e-05 time 0.0009375
25 TS dt 3.90625e-05 time 0.000976563
26 TS dt 3.90625e-05 time 0.00101563
27 TS dt 3.90625e-05 time 0.00105469
28 TS dt 3.90625e-05 time 0.00109375
29 TS dt 3.90625e-05 time 0.00113281
30 TS dt 3.90625e-05 time 0.00117188
31 TS dt 3.90625e-05 time 0.00121094
32 TS dt 3.90625e-05 time 0.00125
33 TS dt 3.90625e-05 time 0.00128906
34 TS dt 3.90625e-05 time 0.00132813
35 TS dt 3.90625e-05 time 0.00136719
36 TS dt 3.90625e-05 time 0.00140625
37 TS dt 3.90625e-05 time 0.00144531
38 TS dt 3.90625e-05 time 0.00148438
39 TS dt 3.90625e-05 time 0.00152344
40 TS dt 3.90625e-05 time 0.0015625
41 TS dt 3.90625e-05 time 0.00160156
42 TS dt 3.90625e-05 time 0.00164063
43 TS dt 3.90625e-05 time 0.00167969
44 TS dt 3.90625e-05 time 0.00171875
45 TS dt 3.90625e-05 time 0.00175781
46 TS dt 3.90625e-05 time 0.00179688
47 TS dt 3.90625e-05 time 0.00183594
48 TS dt 3.90625e-05 time 0.001875
49 TS dt 3.90625e-05 time 0.00191406
50 TS dt 3.90625e-05 time 0.00195313
51 TS dt 3.90625e-05 time 0.00199219
52 TS dt 3.90625e-05 time 0.00203125
53 TS dt 3.90625e-05 time 0.00207031
54 TS dt 3.90625e-05 time 0.00210938
55 TS dt 3.90625e-05 time 0.00214844
56 TS dt 3.90625e-05 time 0.0021875
57 TS dt 3.90625e-05 time 0.00222656
58 TS dt 3.90625e-05 time 0.00226563
59 TS dt 3.90625e-05 time 0.00230469
60 TS dt 3.90625e-05 time 0.00234375
61 TS dt 3.90625e-05 time 0.00238281
62 TS dt 3.90625e-05 time 0.00242188
63 TS dt 3.90625e-05 time 0.00246094
64 TS dt 3.90625e-05 time 0.0025
65 TS dt 3.90625e-05 time 0.00253906
66 TS dt 3.90625e-05 time 0.00257813
67 TS dt 3.90625e-05 time 0.00261719
68 TS dt 3.90625e-05 time 0.00265625
69 TS dt 3.90625e-05 time 0.00269531
70 TS dt 3.90625e-05 time 0.00273438
71 TS dt 3.90625e-05 time 0.00277344
72 TS dt 3.90625e-05 time 0.0028125
73 TS dt 3.90625e-05 time 0.00285156
74 TS dt 3.90625e-05 time 0.00289063
75 TS dt 3.90625e-05 time 0.00292969
76 TS dt 3.90625e-05 time 0.00296875
77 TS dt 3.90625e-05 time 0.00300781
78 TS dt 3.90625e-05 time 0.00304688
79 TS dt 3.90625e-05 time 0.00308594
80 TS dt 3.90625e-05 time 0.003125
81 TS dt 3.90625e-05 time 0.00316406
82 TS dt 3.90625e-05 time 0.00320313
83 TS dt 3.90625e-05 time 0.00324219
84 TS dt 3.90625e-05 time 0.00328125
85 TS dt 3.90625e-05 time 0.00332031
86 TS dt 3.90625e-05 time 0.00335938
87 TS dt 3.90625e-05 time 0.00339844
88 TS dt 3.90625e-05 time 0.0034375
89 TS dt 3.90625e-05 time 0.00347656
90 TS dt 3.90625e-05 time 0.00351563
91 TS dt 3.90625e-05 time 0.00355469
92 TS dt 3.90625e-05 time 0.00359375
93 TS dt 3.90625e-05 time 0.00363281
94 TS dt 3.90625e-05 time 0.00367188
95 TS dt 3.90625e-05 time 0.00371094
96 TS dt 3.90625e-05 time 0.00375
97 TS dt 3.90625e-05 time 0.00378906
98 TS dt 3.90625e-05 time 0.00382813
99 TS dt 3.90625e-05 time 0.00386719
100 TS dt 3.90625e-05 time 0.00390625
101 TS dt 3.90625e-05 time 0.00394531
102 TS dt 3.90625e-05 time 0.00398438
103 TS dt 3.90625e-05 time 0.00402344
104 TS dt 3.90625e-05 time 0.0040625
105 TS dt 3.90625e-05 time 0.00410156
106 TS dt 3.90625e-05 time 0.00414063
107 TS dt 3.90625e-05 time 0.00417969
108 TS dt 3.90625e-05 time 0.00421875
109 TS dt 3.90625e-05 time 0.00425781
110 TS dt 3.90625e-05 time 0.00429688
111 TS dt 3.90625e-05 time 0.00433594
112 TS dt 3.90625e-05 time 0.004375
113 TS dt 3.90625e-05 time 0.00441406
114 TS dt 3.90625e-05 time 0.00445313
115 TS dt 3.90625e-05 time 0.00449219
116 TS dt 3.90625e-05 time 0.00453125
117 TS dt 3.90625e-05 time 0.00457031
118 TS dt 3.90625e-05 time 0.00460938
119 TS dt 3.90625e-05 time 0.00464844
120 TS dt 3.90625e-05 time 0.0046875
121 TS dt 3.90625e-05 time 0.00472656
122 TS dt 3.90625e-05 time 0.00476563
123 TS dt 3.90625e-05 time 0.00480469
124 TS dt 3.90625e-05 time 0.00484375
125 TS dt 3.90625e-05 time 0.00488281
126 TS dt 3.90625e-05 time 0.00492188
127 TS dt 3.90625e-05 time 0.00496094
128 TS dt 3.90625e-05 time 0.005
129 TS dt 3.90625e-05 time 0.00503906
130 TS dt 3.90625e-05 time 0.00507813
131 TS dt 3.90625e-05 time 0.00511719
132 TS dt 3.90625e-05 time 0.00515625
133 TS dt 3.90625e-05 time 0.00519531
134 TS dt 3.90625e-05 time 0.00523438
135 TS dt 3.90625e-05 time 0.00527344
136 TS dt 3.90625e-05 time 0.0053125
137 TS dt 3.90625e-05 time 0.00535156
138 TS dt 3.90625e-05 time 0.00539063
139 TS dt 3.90625e-05 time 0.00542969
140 TS dt 3.90625e-05 time 0.00546875
141 TS dt 3.90625e-05 time 0.00550781
142 TS dt 3.90625e-05 time 0.00554688
143 TS dt 3.90625e-05 time 0.00558594
144 TS dt 3.90625e-05 time 0.005625
145 TS dt 3.90625e-05 time 0.00566406
146 TS dt 3.90625e-05 time 0.00570313
147 TS dt 3.90625e-05 time 0.00574219
148 TS dt 3.90625e-05 time 0.00578125
149 TS dt 3.90625e-05 time 0.00582031
150 TS dt 3.90625e-05 time 0.00585938
151 TS dt 3.90625e-05 time 0.00589844
152 TS dt 3.90625e-05 time 0.0059375
153 TS dt 3.90625e-05 time 0.00597656
154 TS dt 3.90625e-05 time 0.00601563
155 TS dt 3.90625e-05 time 0.00605469
156 TS dt 3.90625e-05 time 0.00609375
157 TS dt 3.90625e-05 time 0.00613281
158 TS dt 3.90625e-05 time 0.00617188
159 TS dt 3.90625e-05 time 0.00621094
160 TS dt 3.90625e-05 time 0.00625
161 TS dt 3.90625e-05 time 0.00628906
162 TS dt 3.90625e-05 time 0.00632813
163 TS dt 3.90625e-05 time 0.00636719
164 TS dt 3.90625e-05 time 0.00640625
165 TS dt 3.90625e-05 time 0.00644531
166 TS dt 3.90625e-05 time 0.00648438
167 TS dt 3.90625e-05 time 0.00652344
168 TS dt 3.90625e-05 time 0.0065625
169 TS dt 3.90625e-05 time 0.00660156
170 TS dt 3.90625e-05 time 0.00664063
171 TS dt 3.90625e-05 time 0.00667969
172 TS dt 3.90625e-05 time 0.00671875
173 TS dt 3.90625e-05 time 0.00675781
174 TS dt 3.90625e-05 time 0.00679688
175 TS dt 3.90625e-05 time 0.00683594
176 TS dt 3.90625e-05 time 0.006875
177 TS dt 3.90625e-05 time 0.00691406
178 TS dt 3.90625e-05 time 0.00695313
179 TS dt 3.90625e-05 time 0.00699219
180 TS dt 3.90625e-05 time 0.00703125
181 TS dt 3.90625e-05 time 0.00707031
182 TS dt 3.90625e-05 time 0.00710938
183 TS dt 3.90625e-05 time 0.00714844
184 TS dt 3.90625e-05 time 0.0071875
185 TS dt 3.90625e-05 time 0.00722656
186 TS dt 3.90625e-05 time 0.00726563
187 TS dt 3.90625e-05 time 0.00730469
188 TS dt 3.90625e-05 time 0.00734375
189 TS dt 3.90625e-05 time 0.00738281
190 TS dt 3.90625e-05 time 0.00742188
191 TS dt 3.90625e-05 time 0.00746094
192 TS dt 3.90625e-05 time 0.0075
193 TS dt 3.90625e-05 time 0.00753906
194 TS dt 3.90625e-05 time 0.00757813
195 TS dt 3.90625e-05 time 0.00761719
196 TS dt 3.90625e-05 time 0.00765625
197 TS dt 3.90625e-05 time 0.00769531
198 TS dt 3.90625e-05 time 0.00773438
199 TS dt 3.90625e-05 time 0.00777344
200 TS dt 3.90625e-05 time 0.0078125
201 TS dt 3.90625e-05 time 0.00785156
202 TS dt 3.90625e-05 time 0.00789063
203 TS dt 3.90625e-05 time 0.00792969
204 TS dt 3.90625e-05 time 0.00796875
205 TS dt 3.90625e-05 time 0.00800781
206 TS dt 3.90625e-05 time 0.00804688
207 TS dt 3.90625e-05 time 0.00808594
208 TS dt 3.90625e-05 time 0.008125
209 TS dt 3.90625e-05 time 0.00816406
210 TS dt 3.90625e-05 time 0.00820312
211 TS dt 3.90625e-05 time 0.00824219
212 TS dt 3.90625e-05 time 0.00828125
213 TS dt 3.90625e-05 time 0.00832031
214 TS dt 3.90625e-05 time 0.00835937
215 TS dt 3.90625e-05 time 0.00839844
216 TS dt 3.90625e-05 time 0.0084375
217 TS dt 3.90625e-05 time 0.00847656
218 TS dt 3.90625e-05 time 0.00851562
219 TS dt 3.90625e-05 time 0.00855469
220 TS dt 3.90625e-05 time 0.00859375
221 TS dt 3.90625e-05 time 0.00863281
222 TS dt 3.90625e-05 time 0.00867187
223 TS dt 3.90625e-05 time 0.00871094
224 TS dt 3.90625e-05 time 0.00875
225 TS dt 3.90625e-05 time 0.00878906
226 TS dt 3.90625e-05 time 0.00882812
227 TS dt 3.90625e-05 time 0.00886719
228 TS dt 3.90625e-05 time 0.00890625
229 TS dt 3.90625e-05 time 0.00894531
230 TS dt 3.90625e-05 time 0.00898437
231 TS dt 3.90625e-05 time 0.00902344
232 TS dt 3.90625e-05 time 0.0090625
233 TS dt 3.90625e-05 time 0.00910156
234 TS dt 3.90625e-05 time 0.00914062
235 TS dt 3.90625e-05 time 0.00917969
236 TS dt 3.90625e-05 time 0.00921875
237 TS dt 3.90625e-05 time 0.00925781
238 TS dt 3.90625e-05 time 0.00929687
239 TS dt 3.90625e-05 time 0.00933594
240 TS dt 3.90625e-05 time 0.009375
241 TS dt 3.90625e-05 time 0.00941406
242 TS dt 3.90625e-05 time 0.00945312
243 TS dt 3.90625e-05 time 0.00949219
244 TS dt 3.90625e-05 time 0.00953125
245 TS dt 3.90625e-05 time 0.00957031
246 TS dt 3.90625e-05 time 0.00960937
247 TS dt 3.90625e-05 time 0.00964844
248 TS dt 3.90625e-05 time 0.0096875
249 TS dt 3.90625e-05 time 0.00972656
250 TS dt 3.90625e-05 time 0.00976562
251 TS dt 3.90625e-05 time 0.00980469
252 TS dt 3.90625e-05 time 0.00984375
253 TS dt 3.90625e-05 time 0.00988281
254 TS dt 3.90625e-05 time 0.00992187
255 TS dt 3.90625e-05 time 0.00996094
256 TS dt 3.90625e-05 time 0.01
257 TS dt 3.90625e-05 time 0.0100391
258 TS dt 3.90625e-05 time 0.0100781
259 TS dt 3.90625e-05 time 0.0101172
260 TS dt 3.90625e-05 time 0.0101562
261 TS dt 3.90625e-05 time 0.0101953
262 TS dt 3.90625e-05 time 0.0102344
263 TS dt 3.90625e-05 time 0.0102734
264 TS dt 3.90625e-05 time 0.0103125
265 TS dt 3.90625e-05 time 0.0103516
266 TS dt 3.90625e-05 time 0.0103906
267 TS dt 3.90625e-05 time 0.0104297
268 TS dt 3.90625e-05 time 0.0104687
269 TS dt 3.90625e-05 time 0.0105078
270 TS dt 3.90625e-05 time 0.0105469
271 TS dt 3.90625e-05 time 0.0105859
272 TS dt 3.90625e-05 time 0.010625
273 TS dt 3.90625e-05 time 0.0106641
274 TS dt 3.90625e-05 time 0.0107031
275 TS dt 3.90625e-05 time 0.0107422
276 TS dt 3.90625e-05 time 0.0107812
277 TS dt 3.90625e-05 time 0.0108203
278 TS dt 3.90625e-05 time 0.0108594
279 TS dt 3.90625e-05 time 0.0108984
280 TS dt 3.90625e-05 time 0.0109375
281 TS dt 3.90625e-05 time 0.0109766
282 TS dt 3.90625e-05 time 0.0110156
283 TS dt 3.90625e-05 time 0.0110547
284 TS dt 3.90625e-05 time 0.0110937
285 TS dt 3.90625e-05 time 0.0111328
286 TS dt 3.90625e-05 time 0.0111719
287 TS dt 3.90625e-05 time 0.0112109
288 TS dt 3.90625e-05 time 0.01125
289 TS dt 3.90625e-05 time 0.0112891
290 TS dt 3.90625e-05 time 0.0113281
291 TS dt 3.90625e-05 time 0.0113672
292 TS dt 3.90625e-05 time 0.0114062
293 TS dt 3.90625e-05 time 0.0114453
294 TS dt 3.90625e-05 time 0.0114844
295 TS dt 3.90625e-05 time 0.0115234
296 TS dt 3.90625e-05 time 0.0115625
297 TS dt 3.90625e-05 time 0.0116016
298 TS dt 3.90625e-05 time 0.0116406
299 TS dt 3.90625e-05 time 0.0116797
300 TS dt 3.90625e-05 time 0.0117187
301 TS dt 3.90625e-05 time 0.0117578
302 TS dt 3.90625e-05 time 0.0117969
303 TS dt 3.90625e-05 time 0.0118359
304 TS dt 3.90625e-05 time 0.011875
305 TS dt 3.90625e-05 time 0.0119141
306 TS dt 3.90625e-05 time 0.0119531
307 TS dt 3.90625e-05 time 0.0119922
308 TS dt 3.90625e-05 time 0.0120312
309 TS dt 3.90625e-05 time 0.0120703
310 TS dt 3.90625e-05 time 0.0121094
311 TS dt 3.90625e-05 time 0.0121484
312 TS dt 3.90625e-05 time 0.0121875
313 TS dt 3.90625e-05 time 0.0122266
314 TS dt 3.90625e-05 time 0.0122656
315 TS dt 3.90625e-05 time 0.0123047
316 TS dt 3.90625e-05 time 0.0123437
317 TS dt 3.90625e-05 time 0.0123828
318 TS dt 3.90625e-05 time 0.0124219
319 TS dt 3.90625e-05 time 0.0124609
320 TS dt 3.90625e-05 time 0.0125
321 TS dt 3.90625e-05 time 0.0125391
322 TS dt 3.90625e-05 time 0.0125781
323 TS dt 3.90625e-05 time 0.0126172
324 TS dt 3.90625e-05 time 0.0126562
325 TS dt 3.90625e-05 time 0.0126953
326 TS dt 3.90625e-05 time 0.0127344
327 TS dt 3.90625e-05 time 0.0127734
328 TS dt 3.90625e-05 time 0.0128125
329 TS dt 3.90625e-05 time 0.0128516
330 TS dt 3.90625e-05 time 0.0128906
331 TS dt 3.90625e-05 time 0.0129297
332 TS dt 3.90625e-05 time 0.0129687
333 TS dt 3.90625e-05 time 0.0130078
334 TS dt 3.90625e-05 time 0.0130469
335 TS dt 3.90625e-05 time 0.0130859
336 TS dt 3.90625e-05 time 0.013125
337 TS dt 3.90625e-05 time 0.0131641
338 TS dt 3.90625e-05 time 0.0132031
339 TS dt 3.90625e-05 time 0.0132422
340 TS dt 3.90625e-05 time 0.0132812
341 TS dt 3.90625e-05 time 0.0133203
342 TS dt 3.90625e-05 time 0.0133594
343 TS dt 3.90625e-05 time 0.0133984
344 TS dt 3.90625e-05 time 0.0134375
345 TS dt 3.90625e-05 time 0.0134766
346 TS dt 3.90625e-05 time 0.0135156
347 TS dt 3.90625e-05 time 0.0135547
348 TS dt 3.90625e-05 time 0.0135937
349 TS dt 3.90625e-05 time 0.0136328
350 TS dt 3.90625e-05 time 0.0136719
351 TS dt 3.90625e-05 time 0.0137109
352 TS dt 3.90625e-05 time 0.01375
353 TS dt 3.90625e-05 time 0.0137891
354 TS dt 3.90625e-05 time 0.0138281
355 TS dt 3.90625e-05 time 0.0138672
356 TS dt 3.90625e-05 time 0.0139062
357 TS dt 3.90625e-05 time 0.0139453
358 TS dt 3.90625e-05 time 0.0139844
359 TS dt 3.90625e-05 time 0.0140234
360 TS dt 3.90625e-05 time 0.0140625
361 TS dt 3.90625e-05 time 0.0141016
362 TS dt 3.90625e-05 time 0.0141406
363 TS dt 3.90625e-05 time 0.0141797
364 TS dt 3.90625e-05 time 0.0142187
365 TS dt 3.90625e-05 time 0.0142578
366 TS dt 3.90625e-05 time 0.0142969
367 TS dt 3.90625e-05 time 0.0143359
368 TS dt 3.90625e-05 time 0.014375
369 TS dt 3.90625e-05 time 0.0144141
370 TS dt 3.90625e-05 time 0.0144531
371 TS dt 3.90625e-05 time 0.0144922
372 TS dt 3.90625e-05 time 0.0145312
373 TS dt 3.90625e-05 time 0.0145703
374 TS dt 3.90625e-05 time 0.0146094
375 TS dt 3.90625e-05 time 0.0146484
376 TS dt 3.90625e-05 time 0.0146875
377 TS dt 3.90625e-05 time 0.0147266
378 TS dt 3.90625e-05 time 0.0147656
379 TS dt 3.90625e-05 time 0.0148047
380 TS dt 3.90625e-05 time 0.0148437
381 TS dt 3.90625e-05 time 0.0148828
382 TS dt 3.90625e-05 time 0.0149219
383 TS dt 3.90625e-05 time 0.0149609
384 TS dt 3.90625e-05 time 0.015
385 TS dt 3.90625e-05 time 0.0150391
386 TS dt 3.90625e-05 time 0.0150781
387 TS dt 3.90625e-05 time 0.0151172
388 TS dt 3.90625e-05 time 0.0151562
389 TS dt 3.90625e-05 time 0.0151953
390 TS dt 3.90625e-05 time 0.0152344
391 TS dt 3.90625e-05 time 0.0152734
392 TS dt 3.90625e-05 time 0.0153125
393 TS dt 3.90625e-05 time 0.0153516
394 TS dt 3.90625e-05 time 0.0153906
395 TS dt 3.90625e-05 time 0.0154297
396 TS dt 3.90625e-05 time 0.0154687
397 TS dt 3.90625e-05 time 0.0155078
398 TS dt 3.90625e-05 time 0.0155469
399 TS dt 3.90625e-05 time 0.0155859
400 TS dt 3.90625e-05 time 0.015625
401 TS dt 3.90625e-05 time 0.0156641
402 TS dt 3.90625e-05 time 0.0157031
403 TS dt 3.90625e-05 time 0.0157422
404 TS dt 3.90625e-05 time 0.0157812
405 TS dt 3.90625e-05 time 0.0158203
406 TS dt 3.90625e-05 time 0.0158594
407 TS dt 3.90625e-05 time 0.0158984
408 TS dt 3.90625e-05 time 0.0159375
409 TS dt 3.90625e-05 time 0.0159766
410 TS dt 3.90625e-05 time 0.0160156
411 TS dt 3.90625e-05 time 0.0160547
412 TS dt 3.90625e-05 time 0.0160937
413 TS dt 3.90625e-05 time 0.0161328
414 TS dt 3.90625e-05 time 0.0161719
415 TS dt 3.90625e-05 time 0.0162109
416 TS dt 3.90625e-05 time 0.01625
417 TS dt 3.90625e-05 time 0.0162891
418 TS dt 3.90625e-05 time 0.0163281
419 TS dt 3.90625e-05 time 0.0163672
420 TS dt 3.90625e-05 time 0.0164062
421 TS dt 3.90625e-05 time 0.0164453
422 TS dt 3.90625e-05 time 0.0164844
423 TS dt 3.90625e-05 time 0.0165234
424 TS dt 3.90625e-05 time 0.0165625
425 TS dt 3.90625e-05 time 0.0166016
426 TS dt 3.90625e-05 time 0.0166406
427 TS dt 3.90625e-05 time 0.0166797
428 TS dt 3.90625e-05 time 0.0167187
429 TS dt 3.90625e-05 time 0.0167578
430 TS dt 3.90625e-05 time 0.0167969
431 TS dt 3.90625e-05 time 0.0168359
432 TS dt 3.90625e-05 time 0.016875
433 TS dt 3.90625e-05 time 0.0169141
434 TS dt 3.90625e-05 time 0.0169531
435 TS dt 3.90625e-05 time 0.0169922
436 TS dt 3.90625e-05 time 0.0170312
437 TS dt 3.90625e-05 time 0.0170703
438 TS dt 3.90625e-05 time 0.0171094
439 TS dt 3.90625e-05 time 0.0171484
440 TS dt 3.90625e-05 time 0.0171875
441 TS dt 3.90625e-05 time 0.0172266
442 TS dt 3.90625e-05 time 0.0172656
443 TS dt 3.90625e-05 time 0.0173047
444 TS dt 3.90625e-05 time 0.0173437
445 TS dt 3.90625e-05 time 0.0173828
446 TS dt 3.90625e-05 time 0.0174219
447 TS dt 3.90625e-05 time 0.0174609
448 TS dt 3.90625e-05 time 0.0175
449 TS dt 3.90625e-05 time 0.0175391
450 TS dt 3.90625e-05 time 0.0175781
451 TS dt 3.90625e-05 time 0.0176172
452 TS dt 3.90625e-05 time 0.0176562
453 TS dt 3.90625e-05 time 0.0176953
454 TS dt 3.90625e-05 time 0.0177344
455 TS dt 3.90625e-05 time 0.0177734
456 TS dt 3.90625e-05 time 0.0178125
457 TS dt 3.90625e-05 time 0.0178516
458 TS dt 3.90625e-05 time 0.0178906
459 TS dt 3.90625e-05 time 0.0179297
460 TS dt 3.90625e-05 time 0.0179687
461 TS dt 3.90625e-05 time 0.0180078
462 TS dt 3.90625e-05 time 0.0180469
463 TS dt 3.90625e-05 time 0.0180859
464 TS dt 3.90625e-05 time 0.018125
465 TS dt 3.90625e-05 time 0.0181641
466 TS dt 3.90625e-05 time 0.0182031
467 TS dt 3.90625e-05 time 0.0182422
468 TS dt 3.90625e-05 time 0.0182812
469 TS dt 3.90625e-05 time 0.0183203
470 TS dt 3.90625e-05 time 0.0183594
471 TS dt 3.90625e-05 time 0.0183984
472 TS dt 3.90625e-05 time 0.0184375
473 TS dt 3.90625e-05 time 0.0184766
474 TS dt 3.90625e-05 time 0.0185156
475 TS dt 3.90625e-05 time 0.0185547
476 TS dt 3.90625e-05 time 0.0185937
477 TS dt 3.90625e-05 time 0.0186328
478 TS dt 3.90625e-05 time 0.0186719
479 TS dt 3.90625e-05 time 0.0187109
480 TS dt 3.90625e-05 time 0.01875
481 TS dt 3.90625e-05 time 0.0187891
482 TS dt 3.90625e-05 time 0.0188281
483 TS dt 3.90625e-05 time 0.0188672
484 TS dt 3.90625e-05 time 0.0189062
485 TS dt 3.90625e-05 time 0.0189453
486 TS dt 3.90625e-05 time 0.0189844
487 TS dt 3.90625e-05 time 0.0190234
488 TS dt 3.90625e-05 time 0.0190625
489 TS dt 3.90625e-05 time 0.0191016
490 TS dt 3.90625e-05 time 0.0191406
491 TS dt 3.90625e-05 time 0.0191797
492 TS dt 3.90625e-05 time 0.0192187
493 TS dt 3.90625e-05 time 0.0192578
494 TS dt 3.90625e-05 time 0.0192969
495 TS dt 3.90625e-05 time 0.0193359
496 TS dt 3.90625e-05 time 0.019375
497 TS dt 3.90625e-05 time 0.0194141
498 TS dt 3.90625e-05 time 0.0194531
499 TS dt 3.90625e-05 time 0.0194922
500 TS dt 3.90625e-05 time 0.0195312
****************************************************************************************************************************************************************
***                                WIDEN YOUR WINDOW TO 160 CHARACTERS.  Use 'enscript -r -fCourier9' to print this document                                 ***
****************************************************************************************************************************************************************

------------------------------------------------------------------ PETSc Performance Summary: ------------------------------------------------------------------



      ##########################################################
      #                                                        #
      #                       WARNING!!!                       #
      #                                                        #
      #   This code was run with -log_view_gpu_time            #
      #   This provides accurate timing within the GPU kernels #
      #   but can slow down the entire computation by a        #
      #   measurable amount. For fastest runs we recommend     #
      #   not using this option.                               #
      #                                                        #
      ##########################################################


/global/cfs/projectdirs/m4267/gbisht/rdycore-ceed/build-pm-gpu-no-debug-gcc-11-2-0-16ce926e8e1/bin/rdycore on a pm-gpu-no-debug-gcc-11-2-0-16ce926e8e1 named nid001405 with 8 processors, by gbisht Thu Nov 16 17:10:17 2023
Using Petsc Development GIT revision: v3.20.1-181-g16ce926e8e1  GIT Date: 2023-11-10 22:31:50 -0600

                         Max       Max/Min     Avg       Total
Time (sec):           6.036e+02     1.000   6.036e+02
Objects:              0.000e+00     0.000   0.000e+00
Flops:                7.232e+10     1.083   6.930e+10  5.544e+11
Flops/sec:            1.198e+08     1.083   1.148e+08  9.185e+08
MPI Msg Count:        4.428e+03     1.985   3.090e+03  2.472e+04
MPI Msg Len (bytes):  1.018e+10     1.681   2.771e+06  6.850e+10
MPI Reductions:       2.490e+02     1.000

Flop counting convention: 1 flop = 1 real number operation of type (multiply/divide/add/subtract)
                            e.g., VecAXPY() for real vectors of length N --> 2N flops
                            and VecAXPY() for complex vectors of length N --> 8N flops

Summary of Stages:   ----- Time ------  ----- Flop ------  --- Messages ---  -- Message Lengths --  -- Reductions --
                        Avg     %Total     Avg     %Total    Count   %Total     Avg         %Total    Count   %Total
 0:      Main Stage: 6.0365e+02 100.0%  5.5443e+11 100.0%  2.472e+04 100.0%  2.771e+06      100.0%  2.310e+02  92.8%

------------------------------------------------------------------------------------------------------------------------
See the 'Profiling' chapter of the users' manual for details on interpreting output.
Phase summary info:
   Count: number of times phase was executed
   Time and Flop: Max - maximum over all processors
                  Ratio - ratio of maximum to minimum over all processors
   Mess: number of messages sent
   AvgLen: average message length (bytes)
   Reduct: number of global reductions
   Global: entire computation
   Stage: stages of a computation. Set stages with PetscLogStagePush() and PetscLogStagePop().
      %T - percent time in this phase         %F - percent flop in this phase
      %M - percent messages in this phase     %L - percent message lengths in this phase
      %R - percent reductions in this phase
   Total Mflop/s: 10e-6 * (sum of flop over all processors)/(max time over all processors)
   GPU Mflop/s: 10e-6 * (sum of flop on GPU over all processors)/(max GPU time over all processors)
   CpuToGpu Count: total number of CPU to GPU copies per processor
   CpuToGpu Size (Mbytes): 10e-6 * (total size of CPU to GPU copies per processor)
   GpuToCpu Count: total number of GPU to CPU copies per processor
   GpuToCpu Size (Mbytes): 10e-6 * (total size of GPU to CPU copies per processor)
   GPU %F: percent flops on GPU in this event
------------------------------------------------------------------------------------------------------------------------
Event                Count      Time (sec)     Flop                              --- Global ---  --- Stage ----  Total   GPU    - CpuToGpu -   - GpuToCpu - GPU
                   Max Ratio  Max     Ratio   Max  Ratio  Mess   AvgLen  Reduct  %T %F %M %L %R  %T %F %M %L %R Mflop/s Mflop/s Count   Size   Count   Size  %F
---------------------------------------------------------------------------------------------------------------------------------------------------------------

--- Event Stage 0: Main Stage

BuildTwoSided         32 1.0 8.1775e+00 11.0 0.00e+00 0.0 4.9e+02 4.0e+00 3.2e+01  1  0  2  0 13   1  0  2  0 14     0       0      0 0.00e+00    0 0.00e+00  0
ISLoad                 1 1.0 1.1707e+00 1.0 0.00e+00 0.0 0.0e+00 0.0e+00 3.0e+00  0  0  0  0  1   0  0  0  0  1     0       0      0 0.00e+00    0 0.00e+00  0
DMLoad                 1 1.0 2.0078e+01 1.0 0.00e+00 0.0 9.8e+01 3.7e+04 1.9e+01  3  0  0  0  8   3  0  0  0  8     0       0      0 0.00e+00    0 0.00e+00  0
DMPlexBuFrCeLi         1 1.0 1.5095e+01 1.0 0.00e+00 0.0 5.6e+01 2.3e+04 5.0e+00  2  0  0  0  2   2  0  0  0  2     0       0      0 0.00e+00    0 0.00e+00  0
DMPlexBuCoFrCeLi       1 1.0 3.6212e-01 1.0 0.00e+00 0.0 1.4e+01 1.1e+05 2.0e+00  0  0  0  0  1   0  0  0  0  1     0       0      0 0.00e+00    0 0.00e+00  0
DMPlexCrFromFile       1 1.0 8.3879e+01 1.0 0.00e+00 0.0 2.8e+02 6.0e+04 3.1e+01 14  0  1  0 12  14  0  1  0 13     0       0      0 0.00e+00    0 0.00e+00  0
DMPlexCrFromOpts       1 1.0 8.3879e+01 1.0 0.00e+00 0.0 2.8e+02 6.0e+04 3.1e+01 14  0  1  0 12  14  0  1  0 13     0       0      0 0.00e+00    0 0.00e+00  0
Mesh Partition         2 1.0 1.3332e+02 1.0 0.00e+00 0.0 3.7e+02 2.2e+07 2.5e+01 22  0  2 12 10  22  0  2 12 11     0       0      0 0.00e+00    0 0.00e+00  0
Mesh Migration         2 1.0 1.7012e+02 1.0 0.00e+00 0.0 8.9e+02 2.8e+07 6.6e+01 28  0  4 36 27  28  0  4 36 29     0       0      0 0.00e+00    0 0.00e+00  0
DMPlexPartSelf         1 1.0 1.6546e+01 1.0 0.00e+00 0.0 0.0e+00 0.0e+00 0.0e+00  3  0  0  0  0   3  0  0  0  0     0       0      0 0.00e+00    0 0.00e+00  0
DMPlexPartLblInv       2 1.0 1.1795e+01 1.1 0.00e+00 0.0 0.0e+00 0.0e+00 6.0e+00  2  0  0  4  2   2  0  0  4  3     0       0      0 0.00e+00    0 0.00e+00  0
DMPlexPartLblSF        2 1.0 2.9114e+01 1.1 0.00e+00 0.0 8.0e+01 1.7e+07 2.0e+00  5  0  0  2  1   5  0  0  2  1     0       0      0 0.00e+00    0 0.00e+00  0
DMPlexPartStrtSF       2 1.0 6.4538e+00 1.1 0.00e+00 0.0 4.0e+01 6.7e+07 0.0e+00  1  0  0  4  0   1  0  0  4  0     0       0      0 0.00e+00    0 0.00e+00  0
DMPlexPointSF          2 1.0 3.4702e+01 1.1 0.00e+00 0.0 5.8e+01 1.2e+08 0.0e+00  6  0  0 10  0   6  0  0 10  0     0       0      0 0.00e+00    0 0.00e+00  0
DMPlexInterp          17 1.0 6.3695e+01 1.0 0.00e+00 0.0 1.8e+02 7.2e+04 1.0e+01 11  0  1  0  4  11  0  1  0  4     0       0      0 0.00e+00    0 0.00e+00  0
DMPlexDistribute       1 1.0 2.2286e+02 1.0 0.00e+00 0.0 5.4e+02 7.3e+07 4.8e+01 37  0  2 58 19  37  0  2 58 21     0       0      0 0.00e+00    0 0.00e+00  0
DMPlexDistCones        2 1.0 7.4586e+01 1.0 0.00e+00 0.0 2.4e+02 4.5e+07 4.0e+00 12  0  1 16  2  12  0  1 16  2     0       0      0 0.00e+00    0 0.00e+00  0
DMPlexDistLabels       2 1.0 3.9967e+01 1.0 0.00e+00 0.0 2.0e+02 2.7e+07 2.0e+01  7  0  1  8  8   7  0  1  8  9     0       0      0 0.00e+00    0 0.00e+00  0
DMPlexDistOvrlp        1 1.0 1.1452e+02 1.0 0.00e+00 0.0 7.8e+02 9.8e+04 4.9e+01 19  0  3  0 20  19  0  3  0 21     0       0      0 0.00e+00    0 0.00e+00  0
DMPlexDistField        3 1.0 1.2896e+01 1.1 0.00e+00 0.0 3.0e+02 2.4e+07 8.0e+00  2  0  1 10  3   2  0  1 10  3     0       0      0 0.00e+00    0 0.00e+00  0
DMPlexInterpSF         1 1.0 9.3937e-01 1.0 0.00e+00 0.0 1.7e+02 5.3e+04 8.0e+00  0  0  1  0  3   0  0  1  0  3     0       0      0 0.00e+00    0 0.00e+00  0
DMPlexNToGBegin        3 1.0 4.6929e+00 1.1 0.00e+00 0.0 1.3e+02 4.8e+07 2.0e+00  1  0  1  9  1   1  0  1  9  1     0       0      0 0.00e+00    0 0.00e+00  0
DMPlexNToGEnd          3 1.0 7.7828e-01 5.8 9.23e+07 1.8 0.0e+00 0.0e+00 0.0e+00  0  0  0  0  0   0  0  0  0  0   755       0      0 0.00e+00    0 0.00e+00  0
DMPlexStratify        22 1.0 8.5434e+00 1.4 0.00e+00 0.0 0.0e+00 0.0e+00 4.0e+00  1  0  0  0  2   1  0  0  0  2     0       0      0 0.00e+00    0 0.00e+00  0
DMPlexSymmetrize      22 1.0 8.9863e+00 1.1 0.00e+00 0.0 0.0e+00 0.0e+00 0.0e+00  1  0  0  0  0   1  0  0  0  0     0       0      0 0.00e+00    0 0.00e+00  0
SFSetGraph            40 1.0 2.0905e+01 1.1 0.00e+00 0.0 0.0e+00 0.0e+00 0.0e+00  3  0  0  0  0   3  0  0  0  0     0       0      0 0.00e+00    0 0.00e+00  0
SFSetUp               32 1.0 1.1558e+02 1.4 0.00e+00 0.0 9.8e+02 1.3e+07 3.2e+01 16  0  4 19 13  16  0  4 19 14     0       0      0 0.00e+00    0 0.00e+00  0
SFBcastBegin         594 1.0 4.8287e+00 1.2 0.00e+00 0.0 1.2e+04 2.5e+06 0.0e+00  1  0 50 46  0   1  0 50 46  0     0       0      2 2.63e-01 1004 3.95e+02  0
SFBcastEnd           594 1.0 4.2271e+01 4.3 0.00e+00 0.0 0.0e+00 0.0e+00 0.0e+00  4  0  0  0  0   4  0  0  0  0     0       0   1004 3.95e+02    0 0.00e+00  0
SFReduceBegin        515 1.0 1.9022e+01 1.6 0.00e+00 0.0 1.1e+04 1.4e+06 0.0e+00  3  0 45 23  0   3  0 45 23  0     0       0      0 0.00e+00 1000 3.94e+02  0
SFReduceEnd          515 1.0 2.2180e+01 2.4 1.14e+08 1.4 0.0e+00 0.0e+00 0.0e+00  3  0  0  0  0   3  0  0  0  0    35       0   1000 3.94e+02    0 0.00e+00  25
SFFetchOpBegin         2 1.0 2.0314e-04 10.1 0.00e+00 0.0 1.8e+01 4.4e+04 0.0e+00  0  0  0  0  0   0  0  0  0  0     0       0      0 0.00e+00    0 0.00e+00  0
SFFetchOpEnd           2 1.0 1.0065e-01 36.1 0.00e+00 0.0 1.8e+01 4.4e+04 0.0e+00  0  0  0  0  0   0  0  0  0  0     0       0      0 0.00e+00    0 0.00e+00  0
SFCreateEmbed          4 1.0 1.4610e+01 1.7 0.00e+00 0.0 7.2e+01 1.9e+07 0.0e+00  2  0  0  2  0   2  0  0  2  0     0       0      0 0.00e+00    0 0.00e+00  0
SFDistSection         13 1.0 3.4448e+01 1.0 0.00e+00 0.0 6.9e+02 2.5e+07 1.6e+01  6  0  3 25  6   6  0  3 25  7     0       0      0 0.00e+00    0 0.00e+00  0
SFSectionSF           11 1.0 7.9499e+01 1.3 0.00e+00 0.0 3.6e+02 1.8e+07 1.1e+01 11  0  1  9  4  11  0  1  9  5     0       0      0 0.00e+00    0 0.00e+00  0
SFPack              1111 1.0 1.3036e+00 1.9 0.00e+00 0.0 0.0e+00 0.0e+00 0.0e+00  0  0  0  0  0   0  0  0  0  0     0       0      2 2.63e-01    0 0.00e+00  0
SFUnpack            1113 1.0 1.6582e+01 1.9 1.14e+08 1.4 0.0e+00 0.0e+00 0.0e+00  2  0  0  0  0   2  0  0  0  0    47       0      0 2.30e-05    0 0.00e+00  25
VecCopy             1501 1.0 3.1604e+00 1.5 0.00e+00 0.0 0.0e+00 0.0e+00 0.0e+00  0  0  0  0  0   0  0  0  0  0     0       0      0 0.00e+00    0 0.00e+00  0
VecSet               506 1.0 2.1110e-01 1.1 0.00e+00 0.0 0.0e+00 0.0e+00 0.0e+00  0  0  0  0  0   0  0  0  0  0     0       0      0 0.00e+00    0 0.00e+00  0
VecAYPX              500 1.0 2.2340e+00 1.6 7.22e+10 1.1 0.0e+00 0.0e+00 0.0e+00  0 100  0  0  0   0 100  0  0  0 247830   525350      0 0.00e+00    0 0.00e+00  100
VecLoad                3 1.0 2.4639e+01 1.0 0.00e+00 0.0 2.8e+01 1.8e+08 1.5e+01  4  0  0  8  6   4  0  0  8  6     0       0      0 0.00e+00    0 0.00e+00  0
VecCUDACopyTo          3 1.0 5.8283e-05 1.4 0.00e+00 0.0 0.0e+00 0.0e+00 0.0e+00  0  0  0  0  0   0  0  0  0  0     0       0      3 1.29e+03    0 0.00e+00  0
VecCUDACopyFrom        3 1.0 5.1254e-02 1.1 0.00e+00 0.0 0.0e+00 0.0e+00 0.0e+00  0  0  0  0  0   0  0  0  0  0     0       0      0 0.00e+00    3 1.29e+03  0
MatAssemblyBegin      24 1.0 2.0920e-06 1.2 0.00e+00 0.0 0.0e+00 0.0e+00 0.0e+00  0  0  0  0  0   0  0  0  0  0     0       0      0 0.00e+00    0 0.00e+00  0
MatAssemblyEnd        24 1.0 2.1580e-05 1.1 0.00e+00 0.0 0.0e+00 0.0e+00 0.0e+00  0  0  0  0  0   0  0  0  0  0     0       0      0 0.00e+00    0 0.00e+00  0
MatSetPreallCOO       16 1.0 5.4555e-05 1.1 0.00e+00 0.0 0.0e+00 0.0e+00 0.0e+00  0  0  0  0  0   0  0  0  0  0     0       0      0 0.00e+00    0 0.00e+00  0
MatSetValuesCOO       16 1.0 2.8416e-05 1.1 0.00e+00 0.0 0.0e+00 0.0e+00 0.0e+00  0  0  0  0  0   0  0  0  0  0     0       0      0 0.00e+00    0 0.00e+00  0
DualSpaceSetUp         4 1.0 4.0260e-03 1.3 7.20e+01 1.0 0.0e+00 0.0e+00 0.0e+00  0  0  0  0  0   0  0  0  0  0     0       0      0 0.00e+00    0 0.00e+00  0
FESetUp                4 1.0 2.0048e-01 25.6 0.00e+00 0.0 0.0e+00 0.0e+00 0.0e+00  0  0  0  0  0   0  0  0  0  0     0       0      0 0.00e+00    0 0.00e+00  0
cuBLAS Init            1 1.0 3.6621e+00 1.0 0.00e+00 0.0 0.0e+00 0.0e+00 0.0e+00  1  0  0  0  0   1  0  0  0  0     0       0      0 0.00e+00    0 0.00e+00  0
DCtxCreate             2 1.0 4.0078e-05 1.1 0.00e+00 0.0 0.0e+00 0.0e+00 0.0e+00  0  0  0  0  0   0  0  0  0  0     0       0      0 0.00e+00    0 0.00e+00  0
DCtxDestroy            2 1.0 4.6340e-05 1.1 0.00e+00 0.0 0.0e+00 0.0e+00 0.0e+00  0  0  0  0  0   0  0  0  0  0     0       0      0 0.00e+00    0 0.00e+00  0
DCtxSetUp              2 1.0 9.8600e-05 1.2 0.00e+00 0.0 0.0e+00 0.0e+00 0.0e+00  0  0  0  0  0   0  0  0  0  0     0       0      0 0.00e+00    0 0.00e+00  0
DCtxSetDevice          2 1.0 1.0922e-04 1.1 0.00e+00 0.0 0.0e+00 0.0e+00 0.0e+00  0  0  0  0  0   0  0  0  0  0     0       0      0 0.00e+00    0 0.00e+00  0
DCtxSync            2516 1.0 2.7645e-01 1.1 0.00e+00 0.0 0.0e+00 0.0e+00 0.0e+00  0  0  0  0  0   0  0  0  0  0     0       0      0 0.00e+00    0 0.00e+00  0
TSStep               500 1.0 1.1732e+01 1.0 7.23e+10 1.1 2.2e+04 1.4e+05 0.0e+00  2 100 89  5  0   2 100 89  5  0 47208   69970   2001 1.34e+03 2000 7.88e+02  100
TSFunctionEval       500 1.0 9.9409e+00 1.1 3.03e+07 1.5 2.2e+04 1.4e+05 0.0e+00  2  0 89  5  0   2  0 89  5  0    20      31   2001 1.34e+03 2000 7.88e+02  100
CeedOperatorApp     1000 1.0 5.5108e+00 1.1 0.00e+00 0.0 0.0e+00 0.0e+00 0.0e+00  1  0  0  0  0   1  0  0  0  0     0       0      0 0.00e+00    0 0.00e+00  0
---------------------------------------------------------------------------------------------------------------------------------------------------------------

Object Type          Creations   Destructions. Reports information only for process 0.

--- Event Stage 0: Main Stage

           Container    47             47
    Distributed Mesh    57             57
            DM Label   130            130
          Quadrature   110            110
           Index Set   553            553
   IS L to G Mapping   149            149
             Section   231            231
   Star Forest Graph   147            147
     Discrete System    84             84
           Weak Form    84             84
    GraphPartitioner    23             23
              Viewer     5              5
              Vector   543            543
              Matrix    94             94
        Linear Space     8              8
          Dual Space    28             28
            FE Space     4              4
  PetscDeviceContext     2              0
             TSAdapt     1              1
                  TS     1              1
                DMTS     1              1
                SNES     1              1
              DMSNES     3              3
      SNESLineSearch     1              1
       Krylov Solver     1              1
      Preconditioner     1              1
              Viewer     1              0

--- Event Stage 1: PCMPI

========================================================================================================================
Average time to get PetscTime(): 3.2e-08
Average time for MPI_Barrier(): 6.0256e-06
Average time for zero size MPI_Send(): 3.602e-06
#PETSc Option Table entries:
-ceed /gpu/cuda # (source: command line)
-dist_dm_distribute_save_sf true # (source: code)
-dm_plex_create_from_hdf5_xdmf # (source: command line)
-dm_plex_filename DamBreak_grid20480x10240.h5 # (source: code)
-dm_vec_type cuda # (source: command line)
-dm_view # (source: command line)
-log_view # (source: command line)
-log_view_gpu_time # (source: command line)
-ts_monitor # (source: command line)
-use_gpu_aware_mpi 0 # (source: command line)
#End of PETSc Option Table entries
Compiled without FORTRAN kernels
Compiled with full precision matrices (default)
sizeof(short) 2 sizeof(int) 4 sizeof(long) 8 sizeof(void*) 8 sizeof(PetscScalar) 8 sizeof(PetscInt) 4
Configure options: --with-cc=cc --with-cxx=CC --with-fc=ftn --CFLAGS=" -g " --CXXFLAGS=" -g " --CUDAFLAGS=" -g -Xcompiler -rdynamic " --with-fortran-bindings=1 --COPTFLAGS="   -O" --CXXOPTFLAGS=" -O" --FOPTFLAGS="   -O" --with-mpiexec="srun -G4" --with-batch=0 --download-kokkos --download-kokkos-kernels --with-kokkos-kernels-tpl=0 --with-make-np=8 --with-64-bit-indices=0 --with-netcdf-dir=/opt/cray/pe/netcdf-hdf5parallel/4.9.0.3/gnu/9.1 --with-pnetcdf-dir=/opt/cray/pe/parallel-netcdf/1.12.3.3/gnu/9.1 --with-hdf5-dir=/opt/cray/pe/hdf5-parallel/1.12.2.3/gnu/9.1 --with-cuda-dir=/opt/nvidia/hpc_sdk/Linux_x86_64/21.11/cuda/11.5 --with-cuda-arch=80 --download-parmetis --download-metis --download-zlib --download-scalapack --download-sowing --download-triangle --download-exodusii --download-libceed --download-cgns-commit=HEAD --with-debugging=0 PETSC_ARCH=pm-gpu-no-debug-gcc-11-2-0-16ce926e8e1
-----------------------------------------
Libraries compiled on 2023-11-11 18:55:56 on login29 
Machine characteristics: Linux-5.14.21-150400.24.81_12.0.86-cray_shasta_c-x86_64-with-glibc2.31
Using PETSc directory: /global/cfs/projectdirs/m4267/petsc/petsc_main
Using PETSc arch: pm-gpu-no-debug-gcc-11-2-0-16ce926e8e1
-----------------------------------------

Using C compiler: cc -g -fPIC -O  
Using Fortran compiler: ftn  -fPIC -Wall -ffree-line-length-none -ffree-line-length-0 -Wno-lto-type-mismatch -Wno-unused-dummy-argument -O    
-----------------------------------------

Using include paths: -I/global/cfs/projectdirs/m4267/petsc/petsc_main/include -I/global/cfs/projectdirs/m4267/petsc/petsc_main/pm-gpu-no-debug-gcc-11-2-0-16ce926e8e1/include -I/opt/cray/pe/netcdf-hdf5parallel/4.9.0.3/gnu/9.1/include -I/opt/cray/pe/parallel-netcdf/1.12.3.3/gnu/9.1/include -I/opt/cray/pe/hdf5-parallel/1.12.2.3/gnu/9.1/include -I/opt/nvidia/hpc_sdk/Linux_x86_64/21.11/cuda/11.5/include -I/opt/nvidia/hpc_sdk/Linux_x86_64/21.11/math_libs/11.5/include
-----------------------------------------

Using C linker: cc
Using Fortran linker: ftn
Using libraries: -Wl,-rpath,/global/cfs/projectdirs/m4267/petsc/petsc_main/pm-gpu-no-debug-gcc-11-2-0-16ce926e8e1/lib -L/global/cfs/projectdirs/m4267/petsc/petsc_main/pm-gpu-no-debug-gcc-11-2-0-16ce926e8e1/lib -lpetsc -Wl,-rpath,/global/cfs/projectdirs/m4267/petsc/petsc_main/pm-gpu-no-debug-gcc-11-2-0-16ce926e8e1/lib -L/global/cfs/projectdirs/m4267/petsc/petsc_main/pm-gpu-no-debug-gcc-11-2-0-16ce926e8e1/lib -Wl,-rpath,/opt/cray/pe/netcdf-hdf5parallel/4.9.0.3/gnu/9.1/lib -L/opt/cray/pe/netcdf-hdf5parallel/4.9.0.3/gnu/9.1/lib -Wl,-rpath,/opt/cray/pe/parallel-netcdf/1.12.3.3/gnu/9.1/lib -L/opt/cray/pe/parallel-netcdf/1.12.3.3/gnu/9.1/lib -Wl,-rpath,/opt/cray/pe/hdf5-parallel/1.12.2.3/gnu/9.1/lib -L/opt/cray/pe/hdf5-parallel/1.12.2.3/gnu/9.1/lib -Wl,-rpath,/opt/nvidia/hpc_sdk/Linux_x86_64/21.11/cuda/11.5/lib64 -L/opt/nvidia/hpc_sdk/Linux_x86_64/21.11/cuda/11.5/lib64 -L/opt/nvidia/hpc_sdk/Linux_x86_64/21.11/cuda/11.5/lib64/stubs -lscalapack -lkokkoskernels -lkokkoscontainers -lkokkoscore -lkokkossimd -lparmetis -lmetis -lexoIIv2for32 -lexodus -lnetcdf -lpnetcdf -lhdf5_hl -lhdf5 -ltriangle -lz -lceed -lcudart -lnvToolsExt -lcufft -lcublas -lcusparse -lcusolver -lcurand -lcuda -lX11 -lstdc++ -lquadmath
-----------------------------------------

