0 TS dt 3.90625e-05 time 0.
1 TS dt 3.90625e-05 time 3.90625e-05
2 TS dt 3.90625e-05 time 7.8125e-05
3 TS dt 3.90625e-05 time 0.000117187
4 TS dt 3.90625e-05 time 0.00015625
5 TS dt 3.90625e-05 time 0.000195313
6 TS dt 3.90625e-05 time 0.000234375
7 TS dt 3.90625e-05 time 0.000273438
8 TS dt 3.90625e-05 time 0.0003125
9 TS dt 3.90625e-05 time 0.000351562
10 TS dt 3.90625e-05 time 0.000390625
11 TS dt 3.90625e-05 time 0.000429687
12 TS dt 3.90625e-05 time 0.00046875
13 TS dt 3.90625e-05 time 0.000507812
14 TS dt 3.90625e-05 time 0.000546875
15 TS dt 3.90625e-05 time 0.000585937
16 TS dt 3.90625e-05 time 0.000625
17 TS dt 3.90625e-05 time 0.000664063
18 TS dt 3.90625e-05 time 0.000703125
19 TS dt 3.90625e-05 time 0.000742188
20 TS dt 3.90625e-05 time 0.00078125
21 TS dt 3.90625e-05 time 0.000820313
22 TS dt 3.90625e-05 time 0.000859375
23 TS dt 3.90625e-05 time 0.000898438
24 TS dt 3.90625e-05 time 0.0009375
25 TS dt 3.90625e-05 time 0.000976563
26 TS dt 3.90625e-05 time 0.00101563
27 TS dt 3.90625e-05 time 0.00105469
28 TS dt 3.90625e-05 time 0.00109375
29 TS dt 3.90625e-05 time 0.00113281
30 TS dt 3.90625e-05 time 0.00117188
31 TS dt 3.90625e-05 time 0.00121094
32 TS dt 3.90625e-05 time 0.00125
33 TS dt 3.90625e-05 time 0.00128906
34 TS dt 3.90625e-05 time 0.00132813
35 TS dt 3.90625e-05 time 0.00136719
36 TS dt 3.90625e-05 time 0.00140625
37 TS dt 3.90625e-05 time 0.00144531
38 TS dt 3.90625e-05 time 0.00148438
39 TS dt 3.90625e-05 time 0.00152344
40 TS dt 3.90625e-05 time 0.0015625
41 TS dt 3.90625e-05 time 0.00160156
42 TS dt 3.90625e-05 time 0.00164063
43 TS dt 3.90625e-05 time 0.00167969
44 TS dt 3.90625e-05 time 0.00171875
45 TS dt 3.90625e-05 time 0.00175781
46 TS dt 3.90625e-05 time 0.00179688
47 TS dt 3.90625e-05 time 0.00183594
48 TS dt 3.90625e-05 time 0.001875
49 TS dt 3.90625e-05 time 0.00191406
50 TS dt 3.90625e-05 time 0.00195313
51 TS dt 3.90625e-05 time 0.00199219
52 TS dt 3.90625e-05 time 0.00203125
53 TS dt 3.90625e-05 time 0.00207031
54 TS dt 3.90625e-05 time 0.00210938
55 TS dt 3.90625e-05 time 0.00214844
56 TS dt 3.90625e-05 time 0.0021875
57 TS dt 3.90625e-05 time 0.00222656
58 TS dt 3.90625e-05 time 0.00226563
59 TS dt 3.90625e-05 time 0.00230469
60 TS dt 3.90625e-05 time 0.00234375
61 TS dt 3.90625e-05 time 0.00238281
62 TS dt 3.90625e-05 time 0.00242188
63 TS dt 3.90625e-05 time 0.00246094
64 TS dt 3.90625e-05 time 0.0025
65 TS dt 3.90625e-05 time 0.00253906
66 TS dt 3.90625e-05 time 0.00257813
67 TS dt 3.90625e-05 time 0.00261719
68 TS dt 3.90625e-05 time 0.00265625
69 TS dt 3.90625e-05 time 0.00269531
70 TS dt 3.90625e-05 time 0.00273438
71 TS dt 3.90625e-05 time 0.00277344
72 TS dt 3.90625e-05 time 0.0028125
73 TS dt 3.90625e-05 time 0.00285156
74 TS dt 3.90625e-05 time 0.00289063
75 TS dt 3.90625e-05 time 0.00292969
76 TS dt 3.90625e-05 time 0.00296875
77 TS dt 3.90625e-05 time 0.00300781
78 TS dt 3.90625e-05 time 0.00304688
79 TS dt 3.90625e-05 time 0.00308594
80 TS dt 3.90625e-05 time 0.003125
81 TS dt 3.90625e-05 time 0.00316406
82 TS dt 3.90625e-05 time 0.00320313
83 TS dt 3.90625e-05 time 0.00324219
84 TS dt 3.90625e-05 time 0.00328125
85 TS dt 3.90625e-05 time 0.00332031
86 TS dt 3.90625e-05 time 0.00335938
87 TS dt 3.90625e-05 time 0.00339844
88 TS dt 3.90625e-05 time 0.0034375
89 TS dt 3.90625e-05 time 0.00347656
90 TS dt 3.90625e-05 time 0.00351563
91 TS dt 3.90625e-05 time 0.00355469
92 TS dt 3.90625e-05 time 0.00359375
93 TS dt 3.90625e-05 time 0.00363281
94 TS dt 3.90625e-05 time 0.00367188
95 TS dt 3.90625e-05 time 0.00371094
96 TS dt 3.90625e-05 time 0.00375
97 TS dt 3.90625e-05 time 0.00378906
98 TS dt 3.90625e-05 time 0.00382813
99 TS dt 3.90625e-05 time 0.00386719
100 TS dt 3.90625e-05 time 0.00390625
101 TS dt 3.90625e-05 time 0.00394531
102 TS dt 3.90625e-05 time 0.00398438
103 TS dt 3.90625e-05 time 0.00402344
104 TS dt 3.90625e-05 time 0.0040625
105 TS dt 3.90625e-05 time 0.00410156
106 TS dt 3.90625e-05 time 0.00414063
107 TS dt 3.90625e-05 time 0.00417969
108 TS dt 3.90625e-05 time 0.00421875
109 TS dt 3.90625e-05 time 0.00425781
110 TS dt 3.90625e-05 time 0.00429688
111 TS dt 3.90625e-05 time 0.00433594
112 TS dt 3.90625e-05 time 0.004375
113 TS dt 3.90625e-05 time 0.00441406
114 TS dt 3.90625e-05 time 0.00445313
115 TS dt 3.90625e-05 time 0.00449219
116 TS dt 3.90625e-05 time 0.00453125
117 TS dt 3.90625e-05 time 0.00457031
118 TS dt 3.90625e-05 time 0.00460938
119 TS dt 3.90625e-05 time 0.00464844
120 TS dt 3.90625e-05 time 0.0046875
121 TS dt 3.90625e-05 time 0.00472656
122 TS dt 3.90625e-05 time 0.00476563
123 TS dt 3.90625e-05 time 0.00480469
124 TS dt 3.90625e-05 time 0.00484375
125 TS dt 3.90625e-05 time 0.00488281
126 TS dt 3.90625e-05 time 0.00492188
127 TS dt 3.90625e-05 time 0.00496094
128 TS dt 3.90625e-05 time 0.005
129 TS dt 3.90625e-05 time 0.00503906
130 TS dt 3.90625e-05 time 0.00507813
131 TS dt 3.90625e-05 time 0.00511719
132 TS dt 3.90625e-05 time 0.00515625
133 TS dt 3.90625e-05 time 0.00519531
134 TS dt 3.90625e-05 time 0.00523438
135 TS dt 3.90625e-05 time 0.00527344
136 TS dt 3.90625e-05 time 0.0053125
137 TS dt 3.90625e-05 time 0.00535156
138 TS dt 3.90625e-05 time 0.00539063
139 TS dt 3.90625e-05 time 0.00542969
140 TS dt 3.90625e-05 time 0.00546875
141 TS dt 3.90625e-05 time 0.00550781
142 TS dt 3.90625e-05 time 0.00554688
143 TS dt 3.90625e-05 time 0.00558594
144 TS dt 3.90625e-05 time 0.005625
145 TS dt 3.90625e-05 time 0.00566406
146 TS dt 3.90625e-05 time 0.00570313
147 TS dt 3.90625e-05 time 0.00574219
148 TS dt 3.90625e-05 time 0.00578125
149 TS dt 3.90625e-05 time 0.00582031
150 TS dt 3.90625e-05 time 0.00585938
151 TS dt 3.90625e-05 time 0.00589844
152 TS dt 3.90625e-05 time 0.0059375
153 TS dt 3.90625e-05 time 0.00597656
154 TS dt 3.90625e-05 time 0.00601563
155 TS dt 3.90625e-05 time 0.00605469
156 TS dt 3.90625e-05 time 0.00609375
157 TS dt 3.90625e-05 time 0.00613281
158 TS dt 3.90625e-05 time 0.00617188
159 TS dt 3.90625e-05 time 0.00621094
160 TS dt 3.90625e-05 time 0.00625
161 TS dt 3.90625e-05 time 0.00628906
162 TS dt 3.90625e-05 time 0.00632813
163 TS dt 3.90625e-05 time 0.00636719
164 TS dt 3.90625e-05 time 0.00640625
165 TS dt 3.90625e-05 time 0.00644531
166 TS dt 3.90625e-05 time 0.00648438
167 TS dt 3.90625e-05 time 0.00652344
168 TS dt 3.90625e-05 time 0.0065625
169 TS dt 3.90625e-05 time 0.00660156
170 TS dt 3.90625e-05 time 0.00664063
171 TS dt 3.90625e-05 time 0.00667969
172 TS dt 3.90625e-05 time 0.00671875
173 TS dt 3.90625e-05 time 0.00675781
174 TS dt 3.90625e-05 time 0.00679688
175 TS dt 3.90625e-05 time 0.00683594
176 TS dt 3.90625e-05 time 0.006875
177 TS dt 3.90625e-05 time 0.00691406
178 TS dt 3.90625e-05 time 0.00695313
179 TS dt 3.90625e-05 time 0.00699219
180 TS dt 3.90625e-05 time 0.00703125
181 TS dt 3.90625e-05 time 0.00707031
182 TS dt 3.90625e-05 time 0.00710938
183 TS dt 3.90625e-05 time 0.00714844
184 TS dt 3.90625e-05 time 0.0071875
185 TS dt 3.90625e-05 time 0.00722656
186 TS dt 3.90625e-05 time 0.00726563
187 TS dt 3.90625e-05 time 0.00730469
188 TS dt 3.90625e-05 time 0.00734375
189 TS dt 3.90625e-05 time 0.00738281
190 TS dt 3.90625e-05 time 0.00742188
191 TS dt 3.90625e-05 time 0.00746094
192 TS dt 3.90625e-05 time 0.0075
193 TS dt 3.90625e-05 time 0.00753906
194 TS dt 3.90625e-05 time 0.00757813
195 TS dt 3.90625e-05 time 0.00761719
196 TS dt 3.90625e-05 time 0.00765625
197 TS dt 3.90625e-05 time 0.00769531
198 TS dt 3.90625e-05 time 0.00773438
199 TS dt 3.90625e-05 time 0.00777344
200 TS dt 3.90625e-05 time 0.0078125
201 TS dt 3.90625e-05 time 0.00785156
202 TS dt 3.90625e-05 time 0.00789063
203 TS dt 3.90625e-05 time 0.00792969
204 TS dt 3.90625e-05 time 0.00796875
205 TS dt 3.90625e-05 time 0.00800781
206 TS dt 3.90625e-05 time 0.00804688
207 TS dt 3.90625e-05 time 0.00808594
208 TS dt 3.90625e-05 time 0.008125
209 TS dt 3.90625e-05 time 0.00816406
210 TS dt 3.90625e-05 time 0.00820312
211 TS dt 3.90625e-05 time 0.00824219
212 TS dt 3.90625e-05 time 0.00828125
213 TS dt 3.90625e-05 time 0.00832031
214 TS dt 3.90625e-05 time 0.00835937
215 TS dt 3.90625e-05 time 0.00839844
216 TS dt 3.90625e-05 time 0.0084375
217 TS dt 3.90625e-05 time 0.00847656
218 TS dt 3.90625e-05 time 0.00851562
219 TS dt 3.90625e-05 time 0.00855469
220 TS dt 3.90625e-05 time 0.00859375
221 TS dt 3.90625e-05 time 0.00863281
222 TS dt 3.90625e-05 time 0.00867187
223 TS dt 3.90625e-05 time 0.00871094
224 TS dt 3.90625e-05 time 0.00875
225 TS dt 3.90625e-05 time 0.00878906
226 TS dt 3.90625e-05 time 0.00882812
227 TS dt 3.90625e-05 time 0.00886719
228 TS dt 3.90625e-05 time 0.00890625
229 TS dt 3.90625e-05 time 0.00894531
230 TS dt 3.90625e-05 time 0.00898437
231 TS dt 3.90625e-05 time 0.00902344
232 TS dt 3.90625e-05 time 0.0090625
233 TS dt 3.90625e-05 time 0.00910156
234 TS dt 3.90625e-05 time 0.00914062
235 TS dt 3.90625e-05 time 0.00917969
236 TS dt 3.90625e-05 time 0.00921875
237 TS dt 3.90625e-05 time 0.00925781
238 TS dt 3.90625e-05 time 0.00929687
239 TS dt 3.90625e-05 time 0.00933594
240 TS dt 3.90625e-05 time 0.009375
241 TS dt 3.90625e-05 time 0.00941406
242 TS dt 3.90625e-05 time 0.00945312
243 TS dt 3.90625e-05 time 0.00949219
244 TS dt 3.90625e-05 time 0.00953125
245 TS dt 3.90625e-05 time 0.00957031
246 TS dt 3.90625e-05 time 0.00960937
247 TS dt 3.90625e-05 time 0.00964844
248 TS dt 3.90625e-05 time 0.0096875
249 TS dt 3.90625e-05 time 0.00972656
250 TS dt 3.90625e-05 time 0.00976562
251 TS dt 3.90625e-05 time 0.00980469
252 TS dt 3.90625e-05 time 0.00984375
253 TS dt 3.90625e-05 time 0.00988281
254 TS dt 3.90625e-05 time 0.00992187
255 TS dt 3.90625e-05 time 0.00996094
256 TS dt 3.90625e-05 time 0.01
257 TS dt 3.90625e-05 time 0.0100391
258 TS dt 3.90625e-05 time 0.0100781
259 TS dt 3.90625e-05 time 0.0101172
260 TS dt 3.90625e-05 time 0.0101562
261 TS dt 3.90625e-05 time 0.0101953
262 TS dt 3.90625e-05 time 0.0102344
263 TS dt 3.90625e-05 time 0.0102734
264 TS dt 3.90625e-05 time 0.0103125
265 TS dt 3.90625e-05 time 0.0103516
266 TS dt 3.90625e-05 time 0.0103906
267 TS dt 3.90625e-05 time 0.0104297
268 TS dt 3.90625e-05 time 0.0104687
269 TS dt 3.90625e-05 time 0.0105078
270 TS dt 3.90625e-05 time 0.0105469
271 TS dt 3.90625e-05 time 0.0105859
272 TS dt 3.90625e-05 time 0.010625
273 TS dt 3.90625e-05 time 0.0106641
274 TS dt 3.90625e-05 time 0.0107031
275 TS dt 3.90625e-05 time 0.0107422
276 TS dt 3.90625e-05 time 0.0107812
277 TS dt 3.90625e-05 time 0.0108203
278 TS dt 3.90625e-05 time 0.0108594
279 TS dt 3.90625e-05 time 0.0108984
280 TS dt 3.90625e-05 time 0.0109375
281 TS dt 3.90625e-05 time 0.0109766
282 TS dt 3.90625e-05 time 0.0110156
283 TS dt 3.90625e-05 time 0.0110547
284 TS dt 3.90625e-05 time 0.0110937
285 TS dt 3.90625e-05 time 0.0111328
286 TS dt 3.90625e-05 time 0.0111719
287 TS dt 3.90625e-05 time 0.0112109
288 TS dt 3.90625e-05 time 0.01125
289 TS dt 3.90625e-05 time 0.0112891
290 TS dt 3.90625e-05 time 0.0113281
291 TS dt 3.90625e-05 time 0.0113672
292 TS dt 3.90625e-05 time 0.0114062
293 TS dt 3.90625e-05 time 0.0114453
294 TS dt 3.90625e-05 time 0.0114844
295 TS dt 3.90625e-05 time 0.0115234
296 TS dt 3.90625e-05 time 0.0115625
297 TS dt 3.90625e-05 time 0.0116016
298 TS dt 3.90625e-05 time 0.0116406
299 TS dt 3.90625e-05 time 0.0116797
300 TS dt 3.90625e-05 time 0.0117187
301 TS dt 3.90625e-05 time 0.0117578
302 TS dt 3.90625e-05 time 0.0117969
303 TS dt 3.90625e-05 time 0.0118359
304 TS dt 3.90625e-05 time 0.011875
305 TS dt 3.90625e-05 time 0.0119141
306 TS dt 3.90625e-05 time 0.0119531
307 TS dt 3.90625e-05 time 0.0119922
308 TS dt 3.90625e-05 time 0.0120312
309 TS dt 3.90625e-05 time 0.0120703
310 TS dt 3.90625e-05 time 0.0121094
311 TS dt 3.90625e-05 time 0.0121484
312 TS dt 3.90625e-05 time 0.0121875
313 TS dt 3.90625e-05 time 0.0122266
314 TS dt 3.90625e-05 time 0.0122656
315 TS dt 3.90625e-05 time 0.0123047
316 TS dt 3.90625e-05 time 0.0123437
317 TS dt 3.90625e-05 time 0.0123828
318 TS dt 3.90625e-05 time 0.0124219
319 TS dt 3.90625e-05 time 0.0124609
320 TS dt 3.90625e-05 time 0.0125
321 TS dt 3.90625e-05 time 0.0125391
322 TS dt 3.90625e-05 time 0.0125781
323 TS dt 3.90625e-05 time 0.0126172
324 TS dt 3.90625e-05 time 0.0126562
325 TS dt 3.90625e-05 time 0.0126953
326 TS dt 3.90625e-05 time 0.0127344
327 TS dt 3.90625e-05 time 0.0127734
328 TS dt 3.90625e-05 time 0.0128125
329 TS dt 3.90625e-05 time 0.0128516
330 TS dt 3.90625e-05 time 0.0128906
331 TS dt 3.90625e-05 time 0.0129297
332 TS dt 3.90625e-05 time 0.0129687
333 TS dt 3.90625e-05 time 0.0130078
334 TS dt 3.90625e-05 time 0.0130469
335 TS dt 3.90625e-05 time 0.0130859
336 TS dt 3.90625e-05 time 0.013125
337 TS dt 3.90625e-05 time 0.0131641
338 TS dt 3.90625e-05 time 0.0132031
339 TS dt 3.90625e-05 time 0.0132422
340 TS dt 3.90625e-05 time 0.0132812
341 TS dt 3.90625e-05 time 0.0133203
342 TS dt 3.90625e-05 time 0.0133594
343 TS dt 3.90625e-05 time 0.0133984
344 TS dt 3.90625e-05 time 0.0134375
345 TS dt 3.90625e-05 time 0.0134766
346 TS dt 3.90625e-05 time 0.0135156
347 TS dt 3.90625e-05 time 0.0135547
348 TS dt 3.90625e-05 time 0.0135937
349 TS dt 3.90625e-05 time 0.0136328
350 TS dt 3.90625e-05 time 0.0136719
351 TS dt 3.90625e-05 time 0.0137109
352 TS dt 3.90625e-05 time 0.01375
353 TS dt 3.90625e-05 time 0.0137891
354 TS dt 3.90625e-05 time 0.0138281
355 TS dt 3.90625e-05 time 0.0138672
356 TS dt 3.90625e-05 time 0.0139062
357 TS dt 3.90625e-05 time 0.0139453
358 TS dt 3.90625e-05 time 0.0139844
359 TS dt 3.90625e-05 time 0.0140234
360 TS dt 3.90625e-05 time 0.0140625
361 TS dt 3.90625e-05 time 0.0141016
362 TS dt 3.90625e-05 time 0.0141406
363 TS dt 3.90625e-05 time 0.0141797
364 TS dt 3.90625e-05 time 0.0142187
365 TS dt 3.90625e-05 time 0.0142578
366 TS dt 3.90625e-05 time 0.0142969
367 TS dt 3.90625e-05 time 0.0143359
368 TS dt 3.90625e-05 time 0.014375
369 TS dt 3.90625e-05 time 0.0144141
370 TS dt 3.90625e-05 time 0.0144531
371 TS dt 3.90625e-05 time 0.0144922
372 TS dt 3.90625e-05 time 0.0145312
373 TS dt 3.90625e-05 time 0.0145703
374 TS dt 3.90625e-05 time 0.0146094
375 TS dt 3.90625e-05 time 0.0146484
376 TS dt 3.90625e-05 time 0.0146875
377 TS dt 3.90625e-05 time 0.0147266
378 TS dt 3.90625e-05 time 0.0147656
379 TS dt 3.90625e-05 time 0.0148047
380 TS dt 3.90625e-05 time 0.0148437
381 TS dt 3.90625e-05 time 0.0148828
382 TS dt 3.90625e-05 time 0.0149219
383 TS dt 3.90625e-05 time 0.0149609
384 TS dt 3.90625e-05 time 0.015
385 TS dt 3.90625e-05 time 0.0150391
386 TS dt 3.90625e-05 time 0.0150781
387 TS dt 3.90625e-05 time 0.0151172
388 TS dt 3.90625e-05 time 0.0151562
389 TS dt 3.90625e-05 time 0.0151953
390 TS dt 3.90625e-05 time 0.0152344
391 TS dt 3.90625e-05 time 0.0152734
392 TS dt 3.90625e-05 time 0.0153125
393 TS dt 3.90625e-05 time 0.0153516
394 TS dt 3.90625e-05 time 0.0153906
395 TS dt 3.90625e-05 time 0.0154297
396 TS dt 3.90625e-05 time 0.0154687
397 TS dt 3.90625e-05 time 0.0155078
398 TS dt 3.90625e-05 time 0.0155469
399 TS dt 3.90625e-05 time 0.0155859
400 TS dt 3.90625e-05 time 0.015625
401 TS dt 3.90625e-05 time 0.0156641
402 TS dt 3.90625e-05 time 0.0157031
403 TS dt 3.90625e-05 time 0.0157422
404 TS dt 3.90625e-05 time 0.0157812
405 TS dt 3.90625e-05 time 0.0158203
406 TS dt 3.90625e-05 time 0.0158594
407 TS dt 3.90625e-05 time 0.0158984
408 TS dt 3.90625e-05 time 0.0159375
409 TS dt 3.90625e-05 time 0.0159766
410 TS dt 3.90625e-05 time 0.0160156
411 TS dt 3.90625e-05 time 0.0160547
412 TS dt 3.90625e-05 time 0.0160937
413 TS dt 3.90625e-05 time 0.0161328
414 TS dt 3.90625e-05 time 0.0161719
415 TS dt 3.90625e-05 time 0.0162109
416 TS dt 3.90625e-05 time 0.01625
417 TS dt 3.90625e-05 time 0.0162891
418 TS dt 3.90625e-05 time 0.0163281
419 TS dt 3.90625e-05 time 0.0163672
420 TS dt 3.90625e-05 time 0.0164062
421 TS dt 3.90625e-05 time 0.0164453
422 TS dt 3.90625e-05 time 0.0164844
423 TS dt 3.90625e-05 time 0.0165234
424 TS dt 3.90625e-05 time 0.0165625
425 TS dt 3.90625e-05 time 0.0166016
426 TS dt 3.90625e-05 time 0.0166406
427 TS dt 3.90625e-05 time 0.0166797
428 TS dt 3.90625e-05 time 0.0167187
429 TS dt 3.90625e-05 time 0.0167578
430 TS dt 3.90625e-05 time 0.0167969
431 TS dt 3.90625e-05 time 0.0168359
432 TS dt 3.90625e-05 time 0.016875
433 TS dt 3.90625e-05 time 0.0169141
434 TS dt 3.90625e-05 time 0.0169531
435 TS dt 3.90625e-05 time 0.0169922
436 TS dt 3.90625e-05 time 0.0170312
437 TS dt 3.90625e-05 time 0.0170703
438 TS dt 3.90625e-05 time 0.0171094
439 TS dt 3.90625e-05 time 0.0171484
440 TS dt 3.90625e-05 time 0.0171875
441 TS dt 3.90625e-05 time 0.0172266
442 TS dt 3.90625e-05 time 0.0172656
443 TS dt 3.90625e-05 time 0.0173047
444 TS dt 3.90625e-05 time 0.0173437
445 TS dt 3.90625e-05 time 0.0173828
446 TS dt 3.90625e-05 time 0.0174219
447 TS dt 3.90625e-05 time 0.0174609
448 TS dt 3.90625e-05 time 0.0175
449 TS dt 3.90625e-05 time 0.0175391
450 TS dt 3.90625e-05 time 0.0175781
451 TS dt 3.90625e-05 time 0.0176172
452 TS dt 3.90625e-05 time 0.0176562
453 TS dt 3.90625e-05 time 0.0176953
454 TS dt 3.90625e-05 time 0.0177344
455 TS dt 3.90625e-05 time 0.0177734
456 TS dt 3.90625e-05 time 0.0178125
457 TS dt 3.90625e-05 time 0.0178516
458 TS dt 3.90625e-05 time 0.0178906
459 TS dt 3.90625e-05 time 0.0179297
460 TS dt 3.90625e-05 time 0.0179687
461 TS dt 3.90625e-05 time 0.0180078
462 TS dt 3.90625e-05 time 0.0180469
463 TS dt 3.90625e-05 time 0.0180859
464 TS dt 3.90625e-05 time 0.018125
465 TS dt 3.90625e-05 time 0.0181641
466 TS dt 3.90625e-05 time 0.0182031
467 TS dt 3.90625e-05 time 0.0182422
468 TS dt 3.90625e-05 time 0.0182812
469 TS dt 3.90625e-05 time 0.0183203
470 TS dt 3.90625e-05 time 0.0183594
471 TS dt 3.90625e-05 time 0.0183984
472 TS dt 3.90625e-05 time 0.0184375
473 TS dt 3.90625e-05 time 0.0184766
474 TS dt 3.90625e-05 time 0.0185156
475 TS dt 3.90625e-05 time 0.0185547
476 TS dt 3.90625e-05 time 0.0185937
477 TS dt 3.90625e-05 time 0.0186328
478 TS dt 3.90625e-05 time 0.0186719
479 TS dt 3.90625e-05 time 0.0187109
480 TS dt 3.90625e-05 time 0.01875
481 TS dt 3.90625e-05 time 0.0187891
482 TS dt 3.90625e-05 time 0.0188281
483 TS dt 3.90625e-05 time 0.0188672
484 TS dt 3.90625e-05 time 0.0189062
485 TS dt 3.90625e-05 time 0.0189453
486 TS dt 3.90625e-05 time 0.0189844
487 TS dt 3.90625e-05 time 0.0190234
488 TS dt 3.90625e-05 time 0.0190625
489 TS dt 3.90625e-05 time 0.0191016
490 TS dt 3.90625e-05 time 0.0191406
491 TS dt 3.90625e-05 time 0.0191797
492 TS dt 3.90625e-05 time 0.0192187
493 TS dt 3.90625e-05 time 0.0192578
494 TS dt 3.90625e-05 time 0.0192969
495 TS dt 3.90625e-05 time 0.0193359
496 TS dt 3.90625e-05 time 0.019375
497 TS dt 3.90625e-05 time 0.0194141
498 TS dt 3.90625e-05 time 0.0194531
499 TS dt 3.90625e-05 time 0.0194922
500 TS dt 3.90625e-05 time 0.0195312
****************************************************************************************************************************************************************
***                                WIDEN YOUR WINDOW TO 160 CHARACTERS.  Use 'enscript -r -fCourier9' to print this document                                 ***
****************************************************************************************************************************************************************

------------------------------------------------------------------ PETSc Performance Summary: ------------------------------------------------------------------

/ccs/home/gb9/rdycore/rdycore/build-frontier-gpu-no-debug-gcc-11-2-0-a7898f52c39/bin/rdycore on a frontier-gpu-no-debug-gcc-11-2-0-a7898f52c39 named frontier10434 with 896 processors, by gb9 Fri Nov  3 13:21:19 2023
Using Petsc Development GIT revision: v3.20.0-168-ga7898f52c39  GIT Date: 2023-10-28 10:07:38 -0500

                         Max       Max/Min     Avg       Total
Time (sec):           1.109e+02     1.000   1.109e+02
Objects:              0.000e+00     0.000   0.000e+00
Flops:                6.491e+08     1.283   6.230e+08  5.582e+11
Flops/sec:            5.854e+06     1.283   5.618e+06  5.034e+09
MPI Msg Count:        1.109e+04     3.417   7.440e+03  6.666e+06
MPI Msg Len (bytes):  3.133e+09    18.625   2.783e+04  1.855e+11
MPI Reductions:       2.430e+02     1.000

Flop counting convention: 1 flop = 1 real number operation of type (multiply/divide/add/subtract)
                            e.g., VecAXPY() for real vectors of length N --> 2N flops
                            and VecAXPY() for complex vectors of length N --> 8N flops

Summary of Stages:   ----- Time ------  ----- Flop ------  --- Messages ---  -- Message Lengths --  -- Reductions --
                        Avg     %Total     Avg     %Total    Count   %Total     Avg         %Total    Count   %Total
 0:      Main Stage: 1.1089e+02 100.0%  5.5818e+11 100.0%  6.666e+06 100.0%  2.783e+04      100.0%  2.250e+02  92.6%

------------------------------------------------------------------------------------------------------------------------
See the 'Profiling' chapter of the users' manual for details on interpreting output.
Phase summary info:
   Count: number of times phase was executed
   Time and Flop: Max - maximum over all processors
                  Ratio - ratio of maximum to minimum over all processors
   Mess: number of messages sent
   AvgLen: average message length (bytes)
   Reduct: number of global reductions
   Global: entire computation
   Stage: stages of a computation. Set stages with PetscLogStagePush() and PetscLogStagePop().
      %T - percent time in this phase         %F - percent flop in this phase
      %M - percent messages in this phase     %L - percent message lengths in this phase
      %R - percent reductions in this phase
   Total Mflop/s: 10e-6 * (sum of flop over all processors)/(max time over all processors)
   GPU Mflop/s: 10e-6 * (sum of flop on GPU over all processors)/(max GPU time over all processors)
   CpuToGpu Count: total number of CPU to GPU copies per processor
   CpuToGpu Size (Mbytes): 10e-6 * (total size of CPU to GPU copies per processor)
   GpuToCpu Count: total number of GPU to CPU copies per processor
   GpuToCpu Size (Mbytes): 10e-6 * (total size of GPU to CPU copies per processor)
   GPU %F: percent flops on GPU in this event
------------------------------------------------------------------------------------------------------------------------
Event                Count      Time (sec)     Flop                              --- Global ---  --- Stage ----  Total   GPU    - CpuToGpu -   - GpuToCpu - GPU
                   Max Ratio  Max     Ratio   Max  Ratio  Mess   AvgLen  Reduct  %T %F %M %L %R  %T %F %M %L %R Mflop/s Mflop/s Count   Size   Count   Size  %F
---------------------------------------------------------------------------------------------------------------------------------------------------------------

--- Event Stage 0: Main Stage

BuildTwoSided         32 1.0 4.1292e-01 4.3 0.00e+00 0.0 3.0e+05 4.0e+00 3.2e+01  0  0  4  0 13   0  0  4  0 14     0       0      0 0.00e+00    0 0.00e+00  0
ISLoad                 1 1.0 6.2182e-01 1.0 0.00e+00 0.0 0.0e+00 0.0e+00 3.0e+00  1  0  0  0  1   1  0  0  0  1     0       0      0 0.00e+00    0 0.00e+00  0
DMLoad                 1 1.0 1.2822e+00 1.0 0.00e+00 0.0 1.3e+04 3.9e+04 1.9e+01  1  0  0  0  8   1  0  0  0  8     0       0      0 0.00e+00    0 0.00e+00  0
DMPlexBuFrCeLi         1 1.0 4.1301e-01 2.1 0.00e+00 0.0 7.2e+03 2.4e+04 5.0e+00  0  0  0  0  2   0  0  0  0  2     0       0      0 0.00e+00    0 0.00e+00  0
DMPlexBuCoFrCeLi       1 1.0 1.5370e-02 1.2 0.00e+00 0.0 1.8e+03 1.2e+05 2.0e+00  0  0  0  0  1   0  0  0  0  1     0       0      0 0.00e+00    0 0.00e+00  0
DMPlexCrFromFile       1 1.0 2.2669e+00 1.0 0.00e+00 0.0 3.6e+04 6.2e+04 3.1e+01  2  0  1  1 13   2  0  1  1 14     0       0      0 0.00e+00    0 0.00e+00  0
DMPlexCrFromOpts       1 1.0 2.2669e+00 1.0 0.00e+00 0.0 3.6e+04 6.2e+04 3.1e+01  2  0  1  1 13   2  0  1  1 14     0       0      0 0.00e+00    0 0.00e+00  0
Mesh Partition         2 1.0 3.6550e+00 1.0 0.00e+00 0.0 1.7e+05 8.6e+04 2.5e+01  3  0  3  8 10   3  0  3  8 11     0       0      0 0.00e+00    0 0.00e+00  0
Mesh Migration         2 1.0 2.2011e+00 1.0 0.00e+00 0.0 5.2e+05 1.0e+05 6.6e+01  2  0  8 28 27   2  0  8 28 29     0       0      0 0.00e+00    0 0.00e+00  0
DMPlexPartSelf         1 1.0 1.1198e-01 1.1 0.00e+00 0.0 0.0e+00 0.0e+00 0.0e+00  0  0  0  0  0   0  0  0  0  0     0       0      0 0.00e+00    0 0.00e+00  0
DMPlexPartLblInv       2 1.0 1.5925e-01 1.3 0.00e+00 0.0 0.0e+00 0.0e+00 6.0e+00  0  0  0  2  2   0  0  0  2  3     0       0      0 0.00e+00    0 0.00e+00  0
DMPlexPartLblSF        2 1.0 2.6410e-01 1.3 0.00e+00 0.0 5.4e+04 5.2e+04 2.0e+00  0  0  1  2  1   0  0  1  2  1     0       0      0 0.00e+00    0 0.00e+00  0
DMPlexPartStrtSF       2 1.0 1.3372e-01 1.6 0.00e+00 0.0 2.7e+04 2.1e+05 0.0e+00  0  0  0  3  0   0  0  0  3  0     0       0      0 0.00e+00    0 0.00e+00  0
DMPlexPointSF          2 1.0 8.5043e-01 1.1 0.00e+00 0.0 4.9e+04 2.9e+05 0.0e+00  1  0  1  8  0   1  0  1  8  0     0       0      0 0.00e+00    0 0.00e+00  0
DMPlexInterp          17 1.0 7.4880e-01 1.1 0.00e+00 0.0 2.3e+04 7.5e+04 1.0e+01  1  0  0  1  4   1  0  0  1  4     0       0      0 0.00e+00    0 0.00e+00  0
DMPlexDistribute       1 1.0 5.1885e+00 1.0 0.00e+00 0.0 5.6e+05 1.4e+05 4.8e+01  5  0  8 43 20   5  0  8 43 21     0       0      0 0.00e+00    0 0.00e+00  0
DMPlexDistCones        2 1.0 8.9610e-01 1.1 0.00e+00 0.0 1.6e+05 1.4e+05 4.0e+00  1  0  2 12  2   1  0  2 12  2     0       0      0 0.00e+00    0 0.00e+00  0
DMPlexDistLabels       2 1.0 5.2642e-01 1.1 0.00e+00 0.0 1.3e+05 8.4e+04 2.0e+01  0  0  2  6  8   0  0  2  6  9     0       0      0 0.00e+00    0 0.00e+00  0
DMPlexDistOvrlp        1 1.0 1.5228e+00 1.0 0.00e+00 0.0 1.8e+05 7.2e+03 4.6e+01  1  0  3  1 19   1  0  3  1 20     0       0      0 0.00e+00    0 0.00e+00  0
DMPlexDistField        3 1.0 2.3331e-01 1.1 0.00e+00 0.0 1.7e+05 8.5e+04 8.0e+00  0  0  3  8  3   0  0  3  8  4     0       0      0 0.00e+00    0 0.00e+00  0
DMPlexInterpSF         1 1.0 5.6994e-02 1.0 0.00e+00 0.0 2.1e+04 5.5e+04 8.0e+00  0  0  0  1  3   0  0  0  1  4     0       0      0 0.00e+00    0 0.00e+00  0
DMPlexNToGBegin        3 1.0 8.0668e-02 1.6 0.00e+00 0.0 1.5e+05 8.2e+04 2.0e+00  0  0  2  7  1   0  0  2  7  1     0       0      0 0.00e+00    0 0.00e+00  0
DMPlexNToGEnd          3 1.0 3.2760e-02 4.8 1.49e+06 1.4 0.0e+00 0.0e+00 0.0e+00  0  0  0  0  0   0  0  0  0  0 36901       0      0 0.00e+00    0 0.00e+00  0
DMPlexStratify        22 1.0 2.1701e-01 2.4 0.00e+00 0.0 0.0e+00 0.0e+00 4.0e+00  0  0  0  0  2   0  0  0  0  2     0       0      0 0.00e+00    0 0.00e+00  0
DMPlexSymmetrize      22 1.0 1.2513e-01 1.4 0.00e+00 0.0 0.0e+00 0.0e+00 0.0e+00  0  0  0  0  0   0  0  0  0  0     0       0      0 0.00e+00    0 0.00e+00  0
SFSetGraph            40 1.0 2.8070e-01 1.3 0.00e+00 0.0 0.0e+00 0.0e+00 0.0e+00  0  0  0  0  0   0  0  0  0  0     0       0      0 0.00e+00    0 0.00e+00  0
SFSetUp               32 1.0 1.2519e+00 1.4 0.00e+00 0.0 6.0e+05 4.7e+04 3.2e+01  1  0  9 15 13   1  0  9 15 14     0       0      0 0.00e+00    0 0.00e+00  0
SFBcastBegin         594 1.0 1.6122e+00 4.2 0.00e+00 0.0 3.4e+06 2.8e+04 0.0e+00  1  0 50 50  0   1  0 50 50  0     0       0      0 0.00e+00    0 0.00e+00  0
SFBcastEnd           594 1.0 1.2537e+01 18.6 0.00e+00 0.0 0.0e+00 0.0e+00 0.0e+00  4  0  0  0  0   4  0  0  0  0     0       0      0 0.00e+00    0 0.00e+00  0
SFReduceBegin        515 1.0 2.2263e+00 6.5 0.00e+00 0.0 2.7e+06 2.1e+04 0.0e+00  1  0 40 30  0   1  0 40 30  0     0       0      0 0.00e+00    0 0.00e+00  0
SFReduceEnd          515 1.0 1.4376e+01 18.9 6.27e+06 2.0 0.0e+00 0.0e+00 0.0e+00  5  1  0  0  0   5  1  0  0  0   315       0      0 0.00e+00    0 0.00e+00  0
SFFetchOpBegin         2 1.0 3.3280e-04 14.5 0.00e+00 0.0 3.4e+03 1.3e+04 0.0e+00  0  0  0  0  0   0  0  0  0  0     0       0      0 0.00e+00    0 0.00e+00  0
SFFetchOpEnd           2 1.0 2.8042e-02 96.2 0.00e+00 0.0 3.4e+03 1.3e+04 0.0e+00  0  0  0  0  0   0  0  0  0  0     0       0      0 0.00e+00    0 0.00e+00  0
SFCreateEmbed          4 1.0 1.4449e-01 1.7 0.00e+00 0.0 8.8e+04 3.2e+04 0.0e+00  0  0  1  2  0   0  0  1  2  0     0       0      0 0.00e+00    0 0.00e+00  0
SFDistSection         13 1.0 5.8692e-01 1.2 0.00e+00 0.0 6.2e+05 5.8e+04 1.6e+01  0  0  9 19  7   0  0  9 19  7     0       0      0 0.00e+00    0 0.00e+00  0
SFSectionSF           11 1.0 8.9713e-01 1.4 0.00e+00 0.0 2.6e+05 5.3e+04 1.1e+01  1  0  4  7  5   1  0  4  7  5     0       0      0 0.00e+00    0 0.00e+00  0
SFPack              1111 1.0 1.8608e-01 1.8 0.00e+00 0.0 0.0e+00 0.0e+00 0.0e+00  0  0  0  0  0   0  0  0  0  0     0       0      0 0.00e+00    0 0.00e+00  0
SFUnpack            1113 1.0 8.1954e-01 1.6 6.27e+06 2.0 0.0e+00 0.0e+00 0.0e+00  1  1  0  0  0   1  1  0  0  0  5530       0      0 0.00e+00    0 0.00e+00  0
VecCopy             1501 1.0 2.6506e+00 5.0 0.00e+00 0.0 0.0e+00 0.0e+00 0.0e+00  1  0  0  0  0   1  0  0  0  0     0       0      0 0.00e+00    0 0.00e+00  0
VecSet               500 1.0 5.0843e-01 7.5 0.00e+00 0.0 0.0e+00 0.0e+00 0.0e+00  0  0  0  0  0   0  0  0  0  0     0       0      0 0.00e+00    0 0.00e+00  0
VecAYPX              500 1.0 1.4729e+00 3.9 6.44e+08 1.3 0.0e+00 0.0e+00 0.0e+00  1 99  0  0  0   1 99  0  0  0 375879       0      0 0.00e+00    0 0.00e+00  0
VecLoad                3 1.0 2.4313e+01 1.0 0.00e+00 0.0 3.6e+03 1.6e+06 2.1e+01 22  0  0  3  9  22  0  0  3  9     0       0      0 0.00e+00    0 0.00e+00  0
MatAssemblyBegin      24 1.0 4.0890e-06 1.8 0.00e+00 0.0 0.0e+00 0.0e+00 0.0e+00  0  0  0  0  0   0  0  0  0  0     0       0      0 0.00e+00    0 0.00e+00  0
MatAssemblyEnd        24 1.0 7.4857e-05 3.7 0.00e+00 0.0 0.0e+00 0.0e+00 0.0e+00  0  0  0  0  0   0  0  0  0  0     0       0      0 0.00e+00    0 0.00e+00  0
MatSetPreallCOO       16 1.0 6.6798e-05 1.4 0.00e+00 0.0 0.0e+00 0.0e+00 0.0e+00  0  0  0  0  0   0  0  0  0  0     0       0      0 0.00e+00    0 0.00e+00  0
MatSetValuesCOO       16 1.0 3.7192e-05 1.5 0.00e+00 0.0 0.0e+00 0.0e+00 0.0e+00  0  0  0  0  0   0  0  0  0  0     0       0      0 0.00e+00    0 0.00e+00  0
DualSpaceSetUp         4 1.0 6.8350e-03 1.4 7.20e+01 1.0 0.0e+00 0.0e+00 0.0e+00  0  0  0  0  0   0  0  0  0  0     9       0      0 0.00e+00    0 0.00e+00  0
FESetUp                4 1.0 1.8073e-01 12.6 0.00e+00 0.0 0.0e+00 0.0e+00 0.0e+00  0  0  0  0  0   0  0  0  0  0     0       0      0 0.00e+00    0 0.00e+00  0
TSStep               500 1.0 7.3476e+01 1.0 6.48e+08 1.3 5.1e+06 1.1e+04 0.0e+00 66 100 76 29  0  66 100 76 29  0  7580       0      0 0.00e+00    0 0.00e+00  0
TSFunctionEval       500 1.0 7.2833e+01 1.0 4.89e+06 2.7 5.1e+06 1.1e+04 0.0e+00 65  1 76 29  0  65  1 76 29  0    46       0      0 0.00e+00    0 0.00e+00  0
CeedOperatorApp     1000 1.0 6.6012e+01 1.4 0.00e+00 0.0 0.0e+00 0.0e+00 0.0e+00 55  0  0  0  0  55  0  0  0  0     0       0      0 0.00e+00    0 0.00e+00  0
---------------------------------------------------------------------------------------------------------------------------------------------------------------

Object Type          Creations   Destructions. Reports information only for process 0.

--- Event Stage 0: Main Stage

           Container    44             44
    Distributed Mesh    57             57
            DM Label   130            130
          Quadrature   110            110
           Index Set   644            644
   IS L to G Mapping   149            149
             Section   231            231
   Star Forest Graph   147            147
     Discrete System    84             84
           Weak Form    84             84
    GraphPartitioner    23             23
              Viewer     5              5
              Vector   544            544
              Matrix    94             94
        Linear Space     8              8
          Dual Space    28             28
            FE Space     4              4
             TSAdapt     1              1
                  TS     1              1
                DMTS     1              1
                SNES     1              1
              DMSNES     3              3
      SNESLineSearch     1              1
       Krylov Solver     1              1
      Preconditioner     1              1
              Viewer     1              0

--- Event Stage 1: PCMPI

========================================================================================================================
Average time to get PetscTime(): 3.91e-08
Average time for MPI_Barrier(): 1.65238e-05
Average time for zero size MPI_Send(): 4.4851e-06
#PETSc Option Table entries:
-ceed /cpu/self # (source: command line)
-dist_dm_distribute_save_sf true # (source: code)
-dm_plex_create_from_hdf5_xdmf # (source: command line)
-dm_plex_filename DamBreak_grid20480x10240.h5 # (source: code)
-log_view # (source: command line)
-ts_monitor # (source: command line)
-use_gpu_aware_mpi 1 # (source: command line)
#End of PETSc Option Table entries
Compiled without FORTRAN kernels
Compiled with full precision matrices (default)
sizeof(short) 2 sizeof(int) 4 sizeof(long) 8 sizeof(void*) 8 sizeof(PetscScalar) 8 sizeof(PetscInt) 4
Configure options: --with-cc=/opt/cray/pe/craype/2.7.19/bin/cc --with-cxx=/opt/cray/pe/craype/2.7.19/bin/CC --with-fc=/opt/cray/pe/craype/2.7.19/bin/ftn --with-fortran-bindings=1 --with-mpiexec="srun -g 8 --smpiargs=-gpu " --with-batch=0 --download-kokkos --download-kokkos-kernels --with-kokkos-kernels-tpl=0 --with-make-np=8 --with-netcdf-dir=/opt/cray/pe/netcdf-hdf5parallel/4.9.0.1/gnu/9.1 --with-pnetcdf-dir=/opt/cray/pe/parallel-netcdf/1.12.3.1/gnu/9.1 --with-hdf5-dir=/opt/cray/pe/hdf5-parallel/1.12.2.1/gnu/9.1 --with-hip=1 --with-hipc=/opt/rocm-5.4.0/bin/hipcc --download-parmetis --download-metis --download-zlib --download-scalapack --download-sowing --download-triangle --download-exodusii --download-libceed --download-libceed-commit=origin/main --with-debugging=0 PETSC_ARCH=frontier-gpu-no-debug-gcc-11-2-0-a7898f52c39
-----------------------------------------
Libraries compiled on 2023-11-03 03:33:16 on login14 
Machine characteristics: Linux-5.14.21-150400.24.46_12.0.83-cray_shasta_c-x86_64-with-glibc2.31
Using PETSc directory: /ccs/home/gb9/Projects/petsc/petsc_main
Using PETSc arch: frontier-gpu-no-debug-gcc-11-2-0-a7898f52c39
-----------------------------------------

Using C compiler: /opt/cray/pe/craype/2.7.19/bin/cc  -fPIC -Wall -Wwrite-strings -Wno-unknown-pragmas -Wno-lto-type-mismatch -Wno-stringop-overflow -fstack-protector -fvisibility=hidden -g -O  
Using Fortran compiler: /opt/cray/pe/craype/2.7.19/bin/ftn  -fPIC -Wall -ffree-line-length-none -ffree-line-length-0 -Wno-lto-type-mismatch -Wno-unused-dummy-argument -g -O    
-----------------------------------------

Using include paths: -I/ccs/home/gb9/Projects/petsc/petsc_main/include -I/ccs/home/gb9/Projects/petsc/petsc_main/frontier-gpu-no-debug-gcc-11-2-0-a7898f52c39/include -I/opt/cray/pe/netcdf-hdf5parallel/4.9.0.1/gnu/9.1/include -I/opt/cray/pe/parallel-netcdf/1.12.3.1/gnu/9.1/include -I/opt/cray/pe/hdf5-parallel/1.12.2.1/gnu/9.1/include -I/opt/rocm-5.4.0/include
-----------------------------------------

Using C linker: /opt/cray/pe/craype/2.7.19/bin/cc
Using Fortran linker: /opt/cray/pe/craype/2.7.19/bin/ftn
Using libraries: -Wl,-rpath,/ccs/home/gb9/Projects/petsc/petsc_main/frontier-gpu-no-debug-gcc-11-2-0-a7898f52c39/lib -L/ccs/home/gb9/Projects/petsc/petsc_main/frontier-gpu-no-debug-gcc-11-2-0-a7898f52c39/lib -lpetsc -Wl,-rpath,/ccs/home/gb9/Projects/petsc/petsc_main/frontier-gpu-no-debug-gcc-11-2-0-a7898f52c39/lib -L/ccs/home/gb9/Projects/petsc/petsc_main/frontier-gpu-no-debug-gcc-11-2-0-a7898f52c39/lib -Wl,-rpath,/opt/cray/pe/netcdf-hdf5parallel/4.9.0.1/gnu/9.1/lib -L/opt/cray/pe/netcdf-hdf5parallel/4.9.0.1/gnu/9.1/lib -Wl,-rpath,/opt/cray/pe/parallel-netcdf/1.12.3.1/gnu/9.1/lib -L/opt/cray/pe/parallel-netcdf/1.12.3.1/gnu/9.1/lib -Wl,-rpath,/opt/cray/pe/hdf5-parallel/1.12.2.1/gnu/9.1/lib -L/opt/cray/pe/hdf5-parallel/1.12.2.1/gnu/9.1/lib -Wl,-rpath,/opt/rocm-5.4.0/lib -L/opt/rocm-5.4.0/lib -lscalapack -lkokkoskernels -lkokkoscontainers -lkokkoscore -lkokkossimd -lparmetis -lmetis -lexoIIv2for32 -lexodus -lnetcdf -lpnetcdf -lhdf5_hl -lhdf5 -ltriangle -lz -lceed -lhipsparse -lhipblas -lhipsolver -lrocsparse -lrocsolver -lrocblas -lrocrand -lamdhip64 -lstdc++ -lquadmath
-----------------------------------------

